2021-06-21T16:59:46+00:00 CRITICAL Uncaught Error: Unknown named parameter $tasks_meta_id in /Users/laurentbinder/Sites/www/2021_06_test_WP/wp-includes/class-wp-hook.php:292
Stack trace:
#0 /Users/laurentbinder/Sites/www/2021_06_test_WP/wp-includes/class-wp-hook.php(316): WP_Hook->apply_filters('', Array)
#1 /Users/laurentbinder/Sites/www/2021_06_test_WP/wp-includes/plugin.php(551): WP_Hook->do_action(Array)
#2 /Users/laurentbinder/Sites/www/2021_06_test_WP/wp-content/plugins/woocommerce/packages/action-scheduler/classes/actions/ActionScheduler_Action.php(22): do_action_ref_array('wpforms_admin_n...', Array)
#3 /Users/laurentbinder/Sites/www/2021_06_test_WP/wp-content/plugins/woocommerce/packages/action-scheduler/classes/abstracts/ActionScheduler_Abstract_QueueRunner.php(65): ActionScheduler_Action->execute()
#4 /Users/laurentbinder/Sites/www/2021_06_test_WP/wp-content/plugins/woocommerce/packages/action-scheduler/classes/ActionScheduler_QueueRunner.php(162): ActionScheduler_Abstract_QueueRunner->process_action(147, 'WP Cron')
#5 /Users/laurentbinder/Sites/www/2021_06_test_WP/wp-content/plugins/woocommerce/packages/action-scheduler/classes/ActionScheduler_QueueRunner.php(132): ActionScheduler_QueueRunner->do_batch(25, 'WP Cron')
#6 /Users/laurentbinder/Sites/www/2021_06_test_WP/wp-includes/class-wp-hook.php(292): ActionScheduler_QueueRunner->run('WP Cron')
#7 /Users/laurentbinder/Sites/www/2021_06_test_WP/wp-includes/class-wp-hook.php(316): WP_Hook->apply_filters('', Array)
#8 /Users/laurentbinder/Sites/www/2021_06_test_WP/wp-includes/plugin.php(551): WP_Hook->do_action(Array)
#9 /Users/laurentbinder/Sites/www/2021_06_test_WP/wp-cron.php(138): do_action_ref_array('action_schedule...', Array)
#10 {main}
  thrown in /Users/laurentbinder/Sites/www/2021_06_test_WP/wp-includes/class-wp-hook.php on line 292

2021-06-21T19:02:38+00:00 CRITICAL Uncaught Error: Unknown named parameter $tasks_meta_id in /Users/laurentbinder/Sites/www/2021_06_test_WP/wp-includes/class-wp-hook.php:292
Stack trace:
#0 /Users/laurentbinder/Sites/www/2021_06_test_WP/wp-includes/class-wp-hook.php(316): WP_Hook->apply_filters('', Array)
#1 /Users/laurentbinder/Sites/www/2021_06_test_WP/wp-includes/plugin.php(551): WP_Hook->do_action(Array)
#2 /Users/laurentbinder/Sites/www/2021_06_test_WP/wp-content/plugins/woocommerce/packages/action-scheduler/classes/actions/ActionScheduler_Action.php(22): do_action_ref_array('wpforms_admin_n...', Array)
#3 /Users/laurentbinder/Sites/www/2021_06_test_WP/wp-content/plugins/woocommerce/packages/action-scheduler/classes/abstracts/ActionScheduler_Abstract_QueueRunner.php(65): ActionScheduler_Action->execute()
#4 /Users/laurentbinder/Sites/www/2021_06_test_WP/wp-content/plugins/woocommerce/packages/action-scheduler/classes/ActionScheduler_QueueRunner.php(162): ActionScheduler_Abstract_QueueRunner->process_action(149, 'Async Request')
#5 /Users/laurentbinder/Sites/www/2021_06_test_WP/wp-content/plugins/woocommerce/packages/action-scheduler/classes/ActionScheduler_QueueRunner.php(132): ActionScheduler_QueueRunner->do_batch(25, 'Async Request')
#6 /Users/laurentbinder/Sites/www/2021_06_test_WP/wp-includes/class-wp-hook.php(292): ActionScheduler_QueueRunner->run('Async Request')
#7 /Users/laurentbinder/Sites/www/2021_06_test_WP/wp-includes/class-wp-hook.php(316): WP_Hook->apply_filters('', Array)
#8 /Users/laurentbinder/Sites/www/2021_06_test_WP/wp-includes/plugin.php(484): WP_Hook->do_action(Array)
#9 /Users/laurentbinder/Sites/www/2021_06_test_WP/wp-content/plugins/woocommerce/packages/action-scheduler/classes/ActionScheduler_AsyncRequest_QueueRunner.php(52): do_action('action_schedule...', 'Async Request')
#10 /Users/laurentbinder/Sites/www/2021_06_test_WP/wp-content/plugins/woocommerce/includes/libraries/wp-async-request.php(147): ActionScheduler_AsyncRequest_QueueRunner->handle()
#11 /Users/laurentbinder/Sites/www/2021_06_test_WP/wp-includes/class-wp-hook.php(292): WP_Async_Request->maybe_handle('')
#12 /Users/laurentbinder/Sites/www/2021_06_test_WP/wp-includes/class-wp-hook.php(316): WP_Hook->apply_filters('', Array)
#13 /Users/laurentbinder/Sites/www/2021_06_test_WP/wp-includes/plugin.php(484): WP_Hook->do_action(Array)
#14 /Users/laurentbinder/Sites/www/2021_06_test_WP/wp-admin/admin-ajax.php(187): do_action('wp_ajax_as_asyn...')
#15 {main}
  thrown in /Users/laurentbinder/Sites/www/2021_06_test_WP/wp-includes/class-wp-hook.php on line 292

2021-06-21T19:03:46+00:00 CRITICAL Uncaught Error: Unknown named parameter $tasks_meta_id in /Users/laurentbinder/Sites/www/2021_06_test_WP/wp-includes/class-wp-hook.php:292
Stack trace:
#0 /Users/laurentbinder/Sites/www/2021_06_test_WP/wp-includes/class-wp-hook.php(316): WP_Hook->apply_filters('', Array)
#1 /Users/laurentbinder/Sites/www/2021_06_test_WP/wp-includes/plugin.php(551): WP_Hook->do_action(Array)
#2 /Users/laurentbinder/Sites/www/2021_06_test_WP/wp-content/plugins/woocommerce/packages/action-scheduler/classes/actions/ActionScheduler_Action.php(22): do_action_ref_array('wpforms_admin_n...', Array)
#3 /Users/laurentbinder/Sites/www/2021_06_test_WP/wp-content/plugins/woocommerce/packages/action-scheduler/classes/abstracts/ActionScheduler_Abstract_QueueRunner.php(65): ActionScheduler_Action->execute()
#4 /Users/laurentbinder/Sites/www/2021_06_test_WP/wp-content/plugins/woocommerce/packages/action-scheduler/classes/ActionScheduler_QueueRunner.php(162): ActionScheduler_Abstract_QueueRunner->process_action(150, 'WP Cron')
#5 /Users/laurentbinder/Sites/www/2021_06_test_WP/wp-content/plugins/woocommerce/packages/action-scheduler/classes/ActionScheduler_QueueRunner.php(132): ActionScheduler_QueueRunner->do_batch(25, 'WP Cron')
#6 /Users/laurentbinder/Sites/www/2021_06_test_WP/wp-includes/class-wp-hook.php(292): ActionScheduler_QueueRunner->run('WP Cron')
#7 /Users/laurentbinder/Sites/www/2021_06_test_WP/wp-includes/class-wp-hook.php(316): WP_Hook->apply_filters('', Array)
#8 /Users/laurentbinder/Sites/www/2021_06_test_WP/wp-includes/plugin.php(551): WP_Hook->do_action(Array)
#9 /Users/laurentbinder/Sites/www/2021_06_test_WP/wp-cron.php(138): do_action_ref_array('action_schedule...', Array)
#10 {main}
  thrown in /Users/laurentbinder/Sites/www/2021_06_test_WP/wp-includes/class-wp-hook.php on line 292

2021-06-21T19:03:51+00:00 CRITICAL Uncaught Error: Unknown named parameter $tasks_meta_id in /Users/laurentbinder/Sites/www/2021_06_test_WP/wp-includes/class-wp-hook.php:292
Stack trace:
#0 /Users/laurentbinder/Sites/www/2021_06_test_WP/wp-includes/class-wp-hook.php(316): WP_Hook->apply_filters('', Array)
#1 /Users/laurentbinder/Sites/www/2021_06_test_WP/wp-includes/plugin.php(551): WP_Hook->do_action(Array)
#2 /Users/laurentbinder/Sites/www/2021_06_test_WP/wp-content/plugins/woocommerce/packages/action-scheduler/classes/actions/ActionScheduler_Action.php(22): do_action_ref_array('wpforms_admin_n...', Array)
#3 /Users/laurentbinder/Sites/www/2021_06_test_WP/wp-content/plugins/woocommerce/packages/action-scheduler/classes/abstracts/ActionScheduler_Abstract_QueueRunner.php(65): ActionScheduler_Action->execute()
#4 /Users/laurentbinder/Sites/www/2021_06_test_WP/wp-content/plugins/woocommerce/packages/action-scheduler/classes/ActionScheduler_QueueRunner.php(162): ActionScheduler_Abstract_QueueRunner->process_action(151, 'Async Request')
#5 /Users/laurentbinder/Sites/www/2021_06_test_WP/wp-content/plugins/woocommerce/packages/action-scheduler/classes/ActionScheduler_QueueRunner.php(132): ActionScheduler_QueueRunner->do_batch(25, 'Async Request')
#6 /Users/laurentbinder/Sites/www/2021_06_test_WP/wp-includes/class-wp-hook.php(292): ActionScheduler_QueueRunner->run('Async Request')
#7 /Users/laurentbinder/Sites/www/2021_06_test_WP/wp-includes/class-wp-hook.php(316): WP_Hook->apply_filters('', Array)
#8 /Users/laurentbinder/Sites/www/2021_06_test_WP/wp-includes/plugin.php(484): WP_Hook->do_action(Array)
#9 /Users/laurentbinder/Sites/www/2021_06_test_WP/wp-content/plugins/woocommerce/packages/action-scheduler/classes/ActionScheduler_AsyncRequest_QueueRunner.php(52): do_action('action_schedule...', 'Async Request')
#10 /Users/laurentbinder/Sites/www/2021_06_test_WP/wp-content/plugins/woocommerce/includes/libraries/wp-async-request.php(147): ActionScheduler_AsyncRequest_QueueRunner->handle()
#11 /Users/laurentbinder/Sites/www/2021_06_test_WP/wp-includes/class-wp-hook.php(292): WP_Async_Request->maybe_handle('')
#12 /Users/laurentbinder/Sites/www/2021_06_test_WP/wp-includes/class-wp-hook.php(316): WP_Hook->apply_filters('', Array)
#13 /Users/laurentbinder/Sites/www/2021_06_test_WP/wp-includes/plugin.php(484): WP_Hook->do_action(Array)
#14 /Users/laurentbinder/Sites/www/2021_06_test_WP/wp-admin/admin-ajax.php(187): do_action('wp_ajax_as_asyn...')
#15 {main}
  thrown in /Users/laurentbinder/Sites/www/2021_06_test_WP/wp-includes/class-wp-hook.php on line 292

2021-06-21T19:04:46+00:00 CRITICAL Uncaught Error: Unknown named parameter $tasks_meta_id in /Users/laurentbinder/Sites/www/2021_06_test_WP/wp-includes/class-wp-hook.php:292
Stack trace:
#0 /Users/laurentbinder/Sites/www/2021_06_test_WP/wp-includes/class-wp-hook.php(316): WP_Hook->apply_filters('', Array)
#1 /Users/laurentbinder/Sites/www/2021_06_test_WP/wp-includes/plugin.php(551): WP_Hook->do_action(Array)
#2 /Users/laurentbinder/Sites/www/2021_06_test_WP/wp-content/plugins/woocommerce/packages/action-scheduler/classes/actions/ActionScheduler_Action.php(22): do_action_ref_array('wpforms_admin_n...', Array)
#3 /Users/laurentbinder/Sites/www/2021_06_test_WP/wp-content/plugins/woocommerce/packages/action-scheduler/classes/abstracts/ActionScheduler_Abstract_QueueRunner.php(65): ActionScheduler_Action->execute()
#4 /Users/laurentbinder/Sites/www/2021_06_test_WP/wp-content/plugins/woocommerce/packages/action-scheduler/classes/ActionScheduler_QueueRunner.php(162): ActionScheduler_Abstract_QueueRunner->process_action(152, 'WP Cron')
#5 /Users/laurentbinder/Sites/www/2021_06_test_WP/wp-content/plugins/woocommerce/packages/action-scheduler/classes/ActionScheduler_QueueRunner.php(132): ActionScheduler_QueueRunner->do_batch(25, 'WP Cron')
#6 /Users/laurentbinder/Sites/www/2021_06_test_WP/wp-includes/class-wp-hook.php(292): ActionScheduler_QueueRunner->run('WP Cron')
#7 /Users/laurentbinder/Sites/www/2021_06_test_WP/wp-includes/class-wp-hook.php(316): WP_Hook->apply_filters('', Array)
#8 /Users/laurentbinder/Sites/www/2021_06_test_WP/wp-includes/plugin.php(551): WP_Hook->do_action(Array)
#9 /Users/laurentbinder/Sites/www/2021_06_test_WP/wp-cron.php(138): do_action_ref_array('action_schedule...', Array)
#10 {main}
  thrown dans /Users/laurentbinder/Sites/www/2021_06_test_WP/wp-includes/class-wp-hook.php à la ligne 292

2021-06-21T19:05:05+00:00 CRITICAL Uncaught Error: Unknown named parameter $tasks_meta_id in /Users/laurentbinder/Sites/www/2021_06_test_WP/wp-includes/class-wp-hook.php:292
Stack trace:
#0 /Users/laurentbinder/Sites/www/2021_06_test_WP/wp-includes/class-wp-hook.php(316): WP_Hook->apply_filters('', Array)
#1 /Users/laurentbinder/Sites/www/2021_06_test_WP/wp-includes/plugin.php(551): WP_Hook->do_action(Array)
#2 /Users/laurentbinder/Sites/www/2021_06_test_WP/wp-content/plugins/woocommerce/packages/action-scheduler/classes/actions/ActionScheduler_Action.php(22): do_action_ref_array('wpforms_admin_n...', Array)
#3 /Users/laurentbinder/Sites/www/2021_06_test_WP/wp-content/plugins/woocommerce/packages/action-scheduler/classes/abstracts/ActionScheduler_Abstract_QueueRunner.php(65): ActionScheduler_Action->execute()
#4 /Users/laurentbinder/Sites/www/2021_06_test_WP/wp-content/plugins/woocommerce/packages/action-scheduler/classes/ActionScheduler_QueueRunner.php(162): ActionScheduler_Abstract_QueueRunner->process_action(153, 'Async Request')
#5 /Users/laurentbinder/Sites/www/2021_06_test_WP/wp-content/plugins/woocommerce/packages/action-scheduler/classes/ActionScheduler_QueueRunner.php(132): ActionScheduler_QueueRunner->do_batch(25, 'Async Request')
#6 /Users/laurentbinder/Sites/www/2021_06_test_WP/wp-includes/class-wp-hook.php(292): ActionScheduler_QueueRunner->run('Async Request')
#7 /Users/laurentbinder/Sites/www/2021_06_test_WP/wp-includes/class-wp-hook.php(316): WP_Hook->apply_filters('', Array)
#8 /Users/laurentbinder/Sites/www/2021_06_test_WP/wp-includes/plugin.php(484): WP_Hook->do_action(Array)
#9 /Users/laurentbinder/Sites/www/2021_06_test_WP/wp-content/plugins/woocommerce/packages/action-scheduler/classes/ActionScheduler_AsyncRequest_QueueRunner.php(52): do_action('action_schedule...', 'Async Request')
#10 /Users/laurentbinder/Sites/www/2021_06_test_WP/wp-content/plugins/woocommerce/includes/libraries/wp-async-request.php(147): ActionScheduler_AsyncRequest_QueueRunner->handle()
#11 /Users/laurentbinder/Sites/www/2021_06_test_WP/wp-includes/class-wp-hook.php(292): WP_Async_Request->maybe_handle('')
#12 /Users/laurentbinder/Sites/www/2021_06_test_WP/wp-includes/class-wp-hook.php(316): WP_Hook->apply_filters('', Array)
#13 /Users/laurentbinder/Sites/www/2021_06_test_WP/wp-includes/plugin.php(484): WP_Hook->do_action(Array)
#14 /Users/laurentbinder/Sites/www/2021_06_test_WP/wp-admin/admin-ajax.php(187): do_action('wp_ajax_as_asyn...')
#15 {main}
  thrown dans /Users/laurentbinder/Sites/www/2021_06_test_WP/wp-includes/class-wp-hook.php à la ligne 292

2021-06-21T19:07:10+00:00 CRITICAL Uncaught Error: Unknown named parameter $tasks_meta_id in /Users/laurentbinder/Sites/www/2021_06_test_WP/wp-includes/class-wp-hook.php:292
Stack trace:
#0 /Users/laurentbinder/Sites/www/2021_06_test_WP/wp-includes/class-wp-hook.php(316): WP_Hook->apply_filters('', Array)
#1 /Users/laurentbinder/Sites/www/2021_06_test_WP/wp-includes/plugin.php(551): WP_Hook->do_action(Array)
#2 /Users/laurentbinder/Sites/www/2021_06_test_WP/wp-content/plugins/woocommerce/packages/action-scheduler/classes/actions/ActionScheduler_Action.php(22): do_action_ref_array('wpforms_admin_n...', Array)
#3 /Users/laurentbinder/Sites/www/2021_06_test_WP/wp-content/plugins/woocommerce/packages/action-scheduler/classes/abstracts/ActionScheduler_Abstract_QueueRunner.php(65): ActionScheduler_Action->execute()
#4 /Users/laurentbinder/Sites/www/2021_06_test_WP/wp-content/plugins/woocommerce/packages/action-scheduler/classes/ActionScheduler_QueueRunner.php(162): ActionScheduler_Abstract_QueueRunner->process_action(154, 'Async Request')
#5 /Users/laurentbinder/Sites/www/2021_06_test_WP/wp-content/plugins/woocommerce/packages/action-scheduler/classes/ActionScheduler_QueueRunner.php(132): ActionScheduler_QueueRunner->do_batch(25, 'Async Request')
#6 /Users/laurentbinder/Sites/www/2021_06_test_WP/wp-includes/class-wp-hook.php(292): ActionScheduler_QueueRunner->run('Async Request')
#7 /Users/laurentbinder/Sites/www/2021_06_test_WP/wp-includes/class-wp-hook.php(316): WP_Hook->apply_filters('', Array)
#8 /Users/laurentbinder/Sites/www/2021_06_test_WP/wp-includes/plugin.php(484): WP_Hook->do_action(Array)
#9 /Users/laurentbinder/Sites/www/2021_06_test_WP/wp-content/plugins/woocommerce/packages/action-scheduler/classes/ActionScheduler_AsyncRequest_QueueRunner.php(52): do_action('action_schedule...', 'Async Request')
#10 /Users/laurentbinder/Sites/www/2021_06_test_WP/wp-content/plugins/woocommerce/includes/libraries/wp-async-request.php(147): ActionScheduler_AsyncRequest_QueueRunner->handle()
#11 /Users/laurentbinder/Sites/www/2021_06_test_WP/wp-includes/class-wp-hook.php(292): WP_Async_Request->maybe_handle('')
#12 /Users/laurentbinder/Sites/www/2021_06_test_WP/wp-includes/class-wp-hook.php(316): WP_Hook->apply_filters('', Array)
#13 /Users/laurentbinder/Sites/www/2021_06_test_WP/wp-includes/plugin.php(484): WP_Hook->do_action(Array)
#14 /Users/laurentbinder/Sites/www/2021_06_test_WP/wp-admin/admin-ajax.php(187): do_action('wp_ajax_as_asyn...')
#15 {main}
  thrown dans /Users/laurentbinder/Sites/www/2021_06_test_WP/wp-includes/class-wp-hook.php à la ligne 292

2021-06-21T19:15:04+00:00 CRITICAL Uncaught Error: Unknown named parameter $tasks_meta_id in /Users/laurentbinder/Sites/www/2021_06_test_WP/wp-includes/class-wp-hook.php:292
Stack trace:
#0 /Users/laurentbinder/Sites/www/2021_06_test_WP/wp-includes/class-wp-hook.php(316): WP_Hook->apply_filters('', Array)
#1 /Users/laurentbinder/Sites/www/2021_06_test_WP/wp-includes/plugin.php(551): WP_Hook->do_action(Array)
#2 /Users/laurentbinder/Sites/www/2021_06_test_WP/wp-content/plugins/woocommerce/packages/action-scheduler/classes/actions/ActionScheduler_Action.php(22): do_action_ref_array('wpforms_admin_n...', Array)
#3 /Users/laurentbinder/Sites/www/2021_06_test_WP/wp-content/plugins/woocommerce/packages/action-scheduler/classes/abstracts/ActionScheduler_Abstract_QueueRunner.php(65): ActionScheduler_Action->execute()
#4 /Users/laurentbinder/Sites/www/2021_06_test_WP/wp-content/plugins/woocommerce/packages/action-scheduler/classes/ActionScheduler_QueueRunner.php(162): ActionScheduler_Abstract_QueueRunner->process_action(155, 'Async Request')
#5 /Users/laurentbinder/Sites/www/2021_06_test_WP/wp-content/plugins/woocommerce/packages/action-scheduler/classes/ActionScheduler_QueueRunner.php(132): ActionScheduler_QueueRunner->do_batch(25, 'Async Request')
#6 /Users/laurentbinder/Sites/www/2021_06_test_WP/wp-includes/class-wp-hook.php(292): ActionScheduler_QueueRunner->run('Async Request')
#7 /Users/laurentbinder/Sites/www/2021_06_test_WP/wp-includes/class-wp-hook.php(316): WP_Hook->apply_filters('', Array)
#8 /Users/laurentbinder/Sites/www/2021_06_test_WP/wp-includes/plugin.php(484): WP_Hook->do_action(Array)
#9 /Users/laurentbinder/Sites/www/2021_06_test_WP/wp-content/plugins/woocommerce/packages/action-scheduler/classes/ActionScheduler_AsyncRequest_QueueRunner.php(52): do_action('action_schedule...', 'Async Request')
#10 /Users/laurentbinder/Sites/www/2021_06_test_WP/wp-content/plugins/woocommerce/includes/libraries/wp-async-request.php(147): ActionScheduler_AsyncRequest_QueueRunner->handle()
#11 /Users/laurentbinder/Sites/www/2021_06_test_WP/wp-includes/class-wp-hook.php(292): WP_Async_Request->maybe_handle('')
#12 /Users/laurentbinder/Sites/www/2021_06_test_WP/wp-includes/class-wp-hook.php(316): WP_Hook->apply_filters('', Array)
#13 /Users/laurentbinder/Sites/www/2021_06_test_WP/wp-includes/plugin.php(484): WP_Hook->do_action(Array)
#14 /Users/laurentbinder/Sites/www/2021_06_test_WP/wp-admin/admin-ajax.php(187): do_action('wp_ajax_as_asyn...')
#15 {main}
  thrown dans /Users/laurentbinder/Sites/www/2021_06_test_WP/wp-includes/class-wp-hook.php à la ligne 292

2021-06-21T19:28:52+00:00 CRITICAL Uncaught Error: Unknown named parameter $tasks_meta_id in /Users/laurentbinder/Sites/www/2021_06_test_WP/wp-includes/class-wp-hook.php:292
Stack trace:
#0 /Users/laurentbinder/Sites/www/2021_06_test_WP/wp-includes/class-wp-hook.php(316): WP_Hook->apply_filters('', Array)
#1 /Users/laurentbinder/Sites/www/2021_06_test_WP/wp-includes/plugin.php(551): WP_Hook->do_action(Array)
#2 /Users/laurentbinder/Sites/www/2021_06_test_WP/wp-content/plugins/woocommerce/packages/action-scheduler/classes/actions/ActionScheduler_Action.php(22): do_action_ref_array('wpforms_admin_n...', Array)
#3 /Users/laurentbinder/Sites/www/2021_06_test_WP/wp-content/plugins/woocommerce/packages/action-scheduler/classes/abstracts/ActionScheduler_Abstract_QueueRunner.php(65): ActionScheduler_Action->execute()
#4 /Users/laurentbinder/Sites/www/2021_06_test_WP/wp-content/plugins/woocommerce/packages/action-scheduler/classes/ActionScheduler_QueueRunner.php(162): ActionScheduler_Abstract_QueueRunner->process_action(156, 'WP Cron')
#5 /Users/laurentbinder/Sites/www/2021_06_test_WP/wp-content/plugins/woocommerce/packages/action-scheduler/classes/ActionScheduler_QueueRunner.php(132): ActionScheduler_QueueRunner->do_batch(25, 'WP Cron')
#6 /Users/laurentbinder/Sites/www/2021_06_test_WP/wp-includes/class-wp-hook.php(292): ActionScheduler_QueueRunner->run('WP Cron')
#7 /Users/laurentbinder/Sites/www/2021_06_test_WP/wp-includes/class-wp-hook.php(316): WP_Hook->apply_filters('', Array)
#8 /Users/laurentbinder/Sites/www/2021_06_test_WP/wp-includes/plugin.php(551): WP_Hook->do_action(Array)
#9 /Users/laurentbinder/Sites/www/2021_06_test_WP/wp-cron.php(138): do_action_ref_array('action_schedule...', Array)
#10 {main}
  thrown dans /Users/laurentbinder/Sites/www/2021_06_test_WP/wp-includes/class-wp-hook.php à la ligne 292

2021-06-21T19:29:54+00:00 CRITICAL Uncaught Error: Unknown named parameter $tasks_meta_id in /Users/laurentbinder/Sites/www/2021_06_test_WP/wp-includes/class-wp-hook.php:292
Stack trace:
#0 /Users/laurentbinder/Sites/www/2021_06_test_WP/wp-includes/class-wp-hook.php(316): WP_Hook->apply_filters('', Array)
#1 /Users/laurentbinder/Sites/www/2021_06_test_WP/wp-includes/plugin.php(551): WP_Hook->do_action(Array)
#2 /Users/laurentbinder/Sites/www/2021_06_test_WP/wp-content/plugins/woocommerce/packages/action-scheduler/classes/actions/ActionScheduler_Action.php(22): do_action_ref_array('wpforms_admin_n...', Array)
#3 /Users/laurentbinder/Sites/www/2021_06_test_WP/wp-content/plugins/woocommerce/packages/action-scheduler/classes/abstracts/ActionScheduler_Abstract_QueueRunner.php(65): ActionScheduler_Action->execute()
#4 /Users/laurentbinder/Sites/www/2021_06_test_WP/wp-content/plugins/woocommerce/packages/action-scheduler/classes/ActionScheduler_QueueRunner.php(162): ActionScheduler_Abstract_QueueRunner->process_action(157, 'WP Cron')
#5 /Users/laurentbinder/Sites/www/2021_06_test_WP/wp-content/plugins/woocommerce/packages/action-scheduler/classes/ActionScheduler_QueueRunner.php(132): ActionScheduler_QueueRunner->do_batch(25, 'WP Cron')
#6 /Users/laurentbinder/Sites/www/2021_06_test_WP/wp-includes/class-wp-hook.php(292): ActionScheduler_QueueRunner->run('WP Cron')
#7 /Users/laurentbinder/Sites/www/2021_06_test_WP/wp-includes/class-wp-hook.php(316): WP_Hook->apply_filters('', Array)
#8 /Users/laurentbinder/Sites/www/2021_06_test_WP/wp-includes/plugin.php(551): WP_Hook->do_action(Array)
#9 /Users/laurentbinder/Sites/www/2021_06_test_WP/wp-cron.php(138): do_action_ref_array('action_schedule...', Array)
#10 {main}
  thrown dans /Users/laurentbinder/Sites/www/2021_06_test_WP/wp-includes/class-wp-hook.php à la ligne 292

2021-06-21T19:30:24+00:00 CRITICAL Uncaught Error: Unknown named parameter $tasks_meta_id in /Users/laurentbinder/Sites/www/2021_06_test_WP/wp-includes/class-wp-hook.php:292
Stack trace:
#0 /Users/laurentbinder/Sites/www/2021_06_test_WP/wp-includes/class-wp-hook.php(316): WP_Hook->apply_filters('', Array)
#1 /Users/laurentbinder/Sites/www/2021_06_test_WP/wp-includes/plugin.php(551): WP_Hook->do_action(Array)
#2 /Users/laurentbinder/Sites/www/2021_06_test_WP/wp-content/plugins/woocommerce/packages/action-scheduler/classes/actions/ActionScheduler_Action.php(22): do_action_ref_array('wpforms_admin_n...', Array)
#3 /Users/laurentbinder/Sites/www/2021_06_test_WP/wp-content/plugins/woocommerce/packages/action-scheduler/classes/abstracts/ActionScheduler_Abstract_QueueRunner.php(65): ActionScheduler_Action->execute()
#4 /Users/laurentbinder/Sites/www/2021_06_test_WP/wp-content/plugins/woocommerce/packages/action-scheduler/classes/ActionScheduler_QueueRunner.php(162): ActionScheduler_Abstract_QueueRunner->process_action(158, 'Async Request')
#5 /Users/laurentbinder/Sites/www/2021_06_test_WP/wp-content/plugins/woocommerce/packages/action-scheduler/classes/ActionScheduler_QueueRunner.php(132): ActionScheduler_QueueRunner->do_batch(25, 'Async Request')
#6 /Users/laurentbinder/Sites/www/2021_06_test_WP/wp-includes/class-wp-hook.php(292): ActionScheduler_QueueRunner->run('Async Request')
#7 /Users/laurentbinder/Sites/www/2021_06_test_WP/wp-includes/class-wp-hook.php(316): WP_Hook->apply_filters('', Array)
#8 /Users/laurentbinder/Sites/www/2021_06_test_WP/wp-includes/plugin.php(484): WP_Hook->do_action(Array)
#9 /Users/laurentbinder/Sites/www/2021_06_test_WP/wp-content/plugins/woocommerce/packages/action-scheduler/classes/ActionScheduler_AsyncRequest_QueueRunner.php(52): do_action('action_schedule...', 'Async Request')
#10 /Users/laurentbinder/Sites/www/2021_06_test_WP/wp-content/plugins/woocommerce/includes/libraries/wp-async-request.php(147): ActionScheduler_AsyncRequest_QueueRunner->handle()
#11 /Users/laurentbinder/Sites/www/2021_06_test_WP/wp-includes/class-wp-hook.php(292): WP_Async_Request->maybe_handle('')
#12 /Users/laurentbinder/Sites/www/2021_06_test_WP/wp-includes/class-wp-hook.php(316): WP_Hook->apply_filters('', Array)
#13 /Users/laurentbinder/Sites/www/2021_06_test_WP/wp-includes/plugin.php(484): WP_Hook->do_action(Array)
#14 /Users/laurentbinder/Sites/www/2021_06_test_WP/wp-admin/admin-ajax.php(187): do_action('wp_ajax_as_asyn...')
#15 {main}
  thrown dans /Users/laurentbinder/Sites/www/2021_06_test_WP/wp-includes/class-wp-hook.php à la ligne 292

2021-06-21T19:40:34+00:00 CRITICAL Uncaught Error: Unknown named parameter $tasks_meta_id in /Users/laurentbinder/Sites/www/2021_06_test_WP/wp-includes/class-wp-hook.php:292
Stack trace:
#0 /Users/laurentbinder/Sites/www/2021_06_test_WP/wp-includes/class-wp-hook.php(316): WP_Hook->apply_filters('', Array)
#1 /Users/laurentbinder/Sites/www/2021_06_test_WP/wp-includes/plugin.php(551): WP_Hook->do_action(Array)
#2 /Users/laurentbinder/Sites/www/2021_06_test_WP/wp-content/plugins/woocommerce/packages/action-scheduler/classes/actions/ActionScheduler_Action.php(22): do_action_ref_array('wpforms_admin_n...', Array)
#3 /Users/laurentbinder/Sites/www/2021_06_test_WP/wp-content/plugins/woocommerce/packages/action-scheduler/classes/abstracts/ActionScheduler_Abstract_QueueRunner.php(65): ActionScheduler_Action->execute()
#4 /Users/laurentbinder/Sites/www/2021_06_test_WP/wp-content/plugins/woocommerce/packages/action-scheduler/classes/ActionScheduler_QueueRunner.php(162): ActionScheduler_Abstract_QueueRunner->process_action(159, 'WP Cron')
#5 /Users/laurentbinder/Sites/www/2021_06_test_WP/wp-content/plugins/woocommerce/packages/action-scheduler/classes/ActionScheduler_QueueRunner.php(132): ActionScheduler_QueueRunner->do_batch(25, 'WP Cron')
#6 /Users/laurentbinder/Sites/www/2021_06_test_WP/wp-includes/class-wp-hook.php(292): ActionScheduler_QueueRunner->run('WP Cron')
#7 /Users/laurentbinder/Sites/www/2021_06_test_WP/wp-includes/class-wp-hook.php(316): WP_Hook->apply_filters('', Array)
#8 /Users/laurentbinder/Sites/www/2021_06_test_WP/wp-includes/plugin.php(551): WP_Hook->do_action(Array)
#9 /Users/laurentbinder/Sites/www/2021_06_test_WP/wp-cron.php(138): do_action_ref_array('action_schedule...', Array)
#10 {main}
  thrown dans /Users/laurentbinder/Sites/www/2021_06_test_WP/wp-includes/class-wp-hook.php à la ligne 292

2021-06-21T19:41:17+00:00 CRITICAL Uncaught Error: Unknown named parameter $tasks_meta_id in /Users/laurentbinder/Sites/www/2021_06_test_WP/wp-includes/class-wp-hook.php:292
Stack trace:
#0 /Users/laurentbinder/Sites/www/2021_06_test_WP/wp-includes/class-wp-hook.php(316): WP_Hook->apply_filters('', Array)
#1 /Users/laurentbinder/Sites/www/2021_06_test_WP/wp-includes/plugin.php(551): WP_Hook->do_action(Array)
#2 /Users/laurentbinder/Sites/www/2021_06_test_WP/wp-content/plugins/woocommerce/packages/action-scheduler/classes/actions/ActionScheduler_Action.php(22): do_action_ref_array('wpforms_admin_n...', Array)
#3 /Users/laurentbinder/Sites/www/2021_06_test_WP/wp-content/plugins/woocommerce/packages/action-scheduler/classes/abstracts/ActionScheduler_Abstract_QueueRunner.php(65): ActionScheduler_Action->execute()
#4 /Users/laurentbinder/Sites/www/2021_06_test_WP/wp-content/plugins/woocommerce/packages/action-scheduler/classes/ActionScheduler_QueueRunner.php(162): ActionScheduler_Abstract_QueueRunner->process_action(160, 'Async Request')
#5 /Users/laurentbinder/Sites/www/2021_06_test_WP/wp-content/plugins/woocommerce/packages/action-scheduler/classes/ActionScheduler_QueueRunner.php(132): ActionScheduler_QueueRunner->do_batch(25, 'Async Request')
#6 /Users/laurentbinder/Sites/www/2021_06_test_WP/wp-includes/class-wp-hook.php(292): ActionScheduler_QueueRunner->run('Async Request')
#7 /Users/laurentbinder/Sites/www/2021_06_test_WP/wp-includes/class-wp-hook.php(316): WP_Hook->apply_filters('', Array)
#8 /Users/laurentbinder/Sites/www/2021_06_test_WP/wp-includes/plugin.php(484): WP_Hook->do_action(Array)
#9 /Users/laurentbinder/Sites/www/2021_06_test_WP/wp-content/plugins/woocommerce/packages/action-scheduler/classes/ActionScheduler_AsyncRequest_QueueRunner.php(52): do_action('action_schedule...', 'Async Request')
#10 /Users/laurentbinder/Sites/www/2021_06_test_WP/wp-content/plugins/woocommerce/includes/libraries/wp-async-request.php(147): ActionScheduler_AsyncRequest_QueueRunner->handle()
#11 /Users/laurentbinder/Sites/www/2021_06_test_WP/wp-includes/class-wp-hook.php(292): WP_Async_Request->maybe_handle('')
#12 /Users/laurentbinder/Sites/www/2021_06_test_WP/wp-includes/class-wp-hook.php(316): WP_Hook->apply_filters('', Array)
#13 /Users/laurentbinder/Sites/www/2021_06_test_WP/wp-includes/plugin.php(484): WP_Hook->do_action(Array)
#14 /Users/laurentbinder/Sites/www/2021_06_test_WP/wp-admin/admin-ajax.php(187): do_action('wp_ajax_as_asyn...')
#15 {main}
  thrown dans /Users/laurentbinder/Sites/www/2021_06_test_WP/wp-includes/class-wp-hook.php à la ligne 292

2021-06-21T20:08:33+00:00 CRITICAL Uncaught Error: Unknown named parameter $tasks_meta_id in /Users/laurentbinder/Sites/www/2021_06_test_WP/wp-includes/class-wp-hook.php:292
Stack trace:
#0 /Users/laurentbinder/Sites/www/2021_06_test_WP/wp-includes/class-wp-hook.php(316): WP_Hook->apply_filters('', Array)
#1 /Users/laurentbinder/Sites/www/2021_06_test_WP/wp-includes/plugin.php(551): WP_Hook->do_action(Array)
#2 /Users/laurentbinder/Sites/www/2021_06_test_WP/wp-content/plugins/woocommerce/packages/action-scheduler/classes/actions/ActionScheduler_Action.php(22): do_action_ref_array('wpforms_admin_n...', Array)
#3 /Users/laurentbinder/Sites/www/2021_06_test_WP/wp-content/plugins/woocommerce/packages/action-scheduler/classes/abstracts/ActionScheduler_Abstract_QueueRunner.php(65): ActionScheduler_Action->execute()
#4 /Users/laurentbinder/Sites/www/2021_06_test_WP/wp-content/plugins/woocommerce/packages/action-scheduler/classes/ActionScheduler_QueueRunner.php(162): ActionScheduler_Abstract_QueueRunner->process_action(162, 'WP Cron')
#5 /Users/laurentbinder/Sites/www/2021_06_test_WP/wp-content/plugins/woocommerce/packages/action-scheduler/classes/ActionScheduler_QueueRunner.php(132): ActionScheduler_QueueRunner->do_batch(25, 'WP Cron')
#6 /Users/laurentbinder/Sites/www/2021_06_test_WP/wp-includes/class-wp-hook.php(292): ActionScheduler_QueueRunner->run('WP Cron')
#7 /Users/laurentbinder/Sites/www/2021_06_test_WP/wp-includes/class-wp-hook.php(316): WP_Hook->apply_filters('', Array)
#8 /Users/laurentbinder/Sites/www/2021_06_test_WP/wp-includes/plugin.php(551): WP_Hook->do_action(Array)
#9 /Users/laurentbinder/Sites/www/2021_06_test_WP/wp-cron.php(138): do_action_ref_array('action_schedule...', Array)
#10 {main}
  thrown dans /Users/laurentbinder/Sites/www/2021_06_test_WP/wp-includes/class-wp-hook.php à la ligne 292

2021-06-21T20:12:35+00:00 CRITICAL Uncaught Error: Unknown named parameter $tasks_meta_id in /Users/laurentbinder/Sites/www/2021_06_test_WP/wp-includes/class-wp-hook.php:292
Stack trace:
#0 /Users/laurentbinder/Sites/www/2021_06_test_WP/wp-includes/class-wp-hook.php(316): WP_Hook->apply_filters('', Array)
#1 /Users/laurentbinder/Sites/www/2021_06_test_WP/wp-includes/plugin.php(551): WP_Hook->do_action(Array)
#2 /Users/laurentbinder/Sites/www/2021_06_test_WP/wp-content/plugins/woocommerce/packages/action-scheduler/classes/actions/ActionScheduler_Action.php(22): do_action_ref_array('wpforms_admin_n...', Array)
#3 /Users/laurentbinder/Sites/www/2021_06_test_WP/wp-content/plugins/woocommerce/packages/action-scheduler/classes/abstracts/ActionScheduler_Abstract_QueueRunner.php(65): ActionScheduler_Action->execute()
#4 /Users/laurentbinder/Sites/www/2021_06_test_WP/wp-content/plugins/woocommerce/packages/action-scheduler/classes/ActionScheduler_QueueRunner.php(162): ActionScheduler_Abstract_QueueRunner->process_action(163, 'WP Cron')
#5 /Users/laurentbinder/Sites/www/2021_06_test_WP/wp-content/plugins/woocommerce/packages/action-scheduler/classes/ActionScheduler_QueueRunner.php(132): ActionScheduler_QueueRunner->do_batch(25, 'WP Cron')
#6 /Users/laurentbinder/Sites/www/2021_06_test_WP/wp-includes/class-wp-hook.php(292): ActionScheduler_QueueRunner->run('WP Cron')
#7 /Users/laurentbinder/Sites/www/2021_06_test_WP/wp-includes/class-wp-hook.php(316): WP_Hook->apply_filters('', Array)
#8 /Users/laurentbinder/Sites/www/2021_06_test_WP/wp-includes/plugin.php(551): WP_Hook->do_action(Array)
#9 /Users/laurentbinder/Sites/www/2021_06_test_WP/wp-cron.php(138): do_action_ref_array('action_schedule...', Array)
#10 {main}
  thrown dans /Users/laurentbinder/Sites/www/2021_06_test_WP/wp-includes/class-wp-hook.php à la ligne 292

2021-06-21T20:13:18+00:00 CRITICAL Uncaught Error: Unknown named parameter $tasks_meta_id in /Users/laurentbinder/Sites/www/2021_06_test_WP/wp-includes/class-wp-hook.php:292
Stack trace:
#0 /Users/laurentbinder/Sites/www/2021_06_test_WP/wp-includes/class-wp-hook.php(316): WP_Hook->apply_filters('', Array)
#1 /Users/laurentbinder/Sites/www/2021_06_test_WP/wp-includes/plugin.php(551): WP_Hook->do_action(Array)
#2 /Users/laurentbinder/Sites/www/2021_06_test_WP/wp-content/plugins/woocommerce/packages/action-scheduler/classes/actions/ActionScheduler_Action.php(22): do_action_ref_array('wpforms_admin_n...', Array)
#3 /Users/laurentbinder/Sites/www/2021_06_test_WP/wp-content/plugins/woocommerce/packages/action-scheduler/classes/abstracts/ActionScheduler_Abstract_QueueRunner.php(65): ActionScheduler_Action->execute()
#4 /Users/laurentbinder/Sites/www/2021_06_test_WP/wp-content/plugins/woocommerce/packages/action-scheduler/classes/ActionScheduler_QueueRunner.php(162): ActionScheduler_Abstract_QueueRunner->process_action(164, 'Async Request')
#5 /Users/laurentbinder/Sites/www/2021_06_test_WP/wp-content/plugins/woocommerce/packages/action-scheduler/classes/ActionScheduler_QueueRunner.php(132): ActionScheduler_QueueRunner->do_batch(25, 'Async Request')
#6 /Users/laurentbinder/Sites/www/2021_06_test_WP/wp-includes/class-wp-hook.php(292): ActionScheduler_QueueRunner->run('Async Request')
#7 /Users/laurentbinder/Sites/www/2021_06_test_WP/wp-includes/class-wp-hook.php(316): WP_Hook->apply_filters('', Array)
#8 /Users/laurentbinder/Sites/www/2021_06_test_WP/wp-includes/plugin.php(484): WP_Hook->do_action(Array)
#9 /Users/laurentbinder/Sites/www/2021_06_test_WP/wp-content/plugins/woocommerce/packages/action-scheduler/classes/ActionScheduler_AsyncRequest_QueueRunner.php(52): do_action('action_schedule...', 'Async Request')
#10 /Users/laurentbinder/Sites/www/2021_06_test_WP/wp-content/plugins/woocommerce/includes/libraries/wp-async-request.php(147): ActionScheduler_AsyncRequest_QueueRunner->handle()
#11 /Users/laurentbinder/Sites/www/2021_06_test_WP/wp-includes/class-wp-hook.php(292): WP_Async_Request->maybe_handle('')
#12 /Users/laurentbinder/Sites/www/2021_06_test_WP/wp-includes/class-wp-hook.php(316): WP_Hook->apply_filters('', Array)
#13 /Users/laurentbinder/Sites/www/2021_06_test_WP/wp-includes/plugin.php(484): WP_Hook->do_action(Array)
#14 /Users/laurentbinder/Sites/www/2021_06_test_WP/wp-admin/admin-ajax.php(187): do_action('wp_ajax_as_asyn...')
#15 {main}
  thrown dans /Users/laurentbinder/Sites/www/2021_06_test_WP/wp-includes/class-wp-hook.php à la ligne 292

2021-06-21T20:22:34+00:00 CRITICAL Uncaught Error: Unknown named parameter $tasks_meta_id in /Users/laurentbinder/Sites/www/2021_06_test_WP/wp-includes/class-wp-hook.php:292
Stack trace:
#0 /Users/laurentbinder/Sites/www/2021_06_test_WP/wp-includes/class-wp-hook.php(316): WP_Hook->apply_filters('', Array)
#1 /Users/laurentbinder/Sites/www/2021_06_test_WP/wp-includes/plugin.php(551): WP_Hook->do_action(Array)
#2 /Users/laurentbinder/Sites/www/2021_06_test_WP/wp-content/plugins/woocommerce/packages/action-scheduler/classes/actions/ActionScheduler_Action.php(22): do_action_ref_array('wpforms_admin_n...', Array)
#3 /Users/laurentbinder/Sites/www/2021_06_test_WP/wp-content/plugins/woocommerce/packages/action-scheduler/classes/abstracts/ActionScheduler_Abstract_QueueRunner.php(65): ActionScheduler_Action->execute()
#4 /Users/laurentbinder/Sites/www/2021_06_test_WP/wp-content/plugins/woocommerce/packages/action-scheduler/classes/ActionScheduler_QueueRunner.php(162): ActionScheduler_Abstract_QueueRunner->process_action(165, 'WP Cron')
#5 /Users/laurentbinder/Sites/www/2021_06_test_WP/wp-content/plugins/woocommerce/packages/action-scheduler/classes/ActionScheduler_QueueRunner.php(132): ActionScheduler_QueueRunner->do_batch(25, 'WP Cron')
#6 /Users/laurentbinder/Sites/www/2021_06_test_WP/wp-includes/class-wp-hook.php(292): ActionScheduler_QueueRunner->run('WP Cron')
#7 /Users/laurentbinder/Sites/www/2021_06_test_WP/wp-includes/class-wp-hook.php(316): WP_Hook->apply_filters('', Array)
#8 /Users/laurentbinder/Sites/www/2021_06_test_WP/wp-includes/plugin.php(551): WP_Hook->do_action(Array)
#9 /Users/laurentbinder/Sites/www/2021_06_test_WP/wp-cron.php(138): do_action_ref_array('action_schedule...', Array)
#10 {main}
  thrown dans /Users/laurentbinder/Sites/www/2021_06_test_WP/wp-includes/class-wp-hook.php à la ligne 292

2021-06-21T20:23:17+00:00 CRITICAL Uncaught Error: Unknown named parameter $tasks_meta_id in /Users/laurentbinder/Sites/www/2021_06_test_WP/wp-includes/class-wp-hook.php:292
Stack trace:
#0 /Users/laurentbinder/Sites/www/2021_06_test_WP/wp-includes/class-wp-hook.php(316): WP_Hook->apply_filters('', Array)
#1 /Users/laurentbinder/Sites/www/2021_06_test_WP/wp-includes/plugin.php(551): WP_Hook->do_action(Array)
#2 /Users/laurentbinder/Sites/www/2021_06_test_WP/wp-content/plugins/woocommerce/packages/action-scheduler/classes/actions/ActionScheduler_Action.php(22): do_action_ref_array('wpforms_admin_n...', Array)
#3 /Users/laurentbinder/Sites/www/2021_06_test_WP/wp-content/plugins/woocommerce/packages/action-scheduler/classes/abstracts/ActionScheduler_Abstract_QueueRunner.php(65): ActionScheduler_Action->execute()
#4 /Users/laurentbinder/Sites/www/2021_06_test_WP/wp-content/plugins/woocommerce/packages/action-scheduler/classes/ActionScheduler_QueueRunner.php(162): ActionScheduler_Abstract_QueueRunner->process_action(166, 'Async Request')
#5 /Users/laurentbinder/Sites/www/2021_06_test_WP/wp-content/plugins/woocommerce/packages/action-scheduler/classes/ActionScheduler_QueueRunner.php(132): ActionScheduler_QueueRunner->do_batch(25, 'Async Request')
#6 /Users/laurentbinder/Sites/www/2021_06_test_WP/wp-includes/class-wp-hook.php(292): ActionScheduler_QueueRunner->run('Async Request')
#7 /Users/laurentbinder/Sites/www/2021_06_test_WP/wp-includes/class-wp-hook.php(316): WP_Hook->apply_filters('', Array)
#8 /Users/laurentbinder/Sites/www/2021_06_test_WP/wp-includes/plugin.php(484): WP_Hook->do_action(Array)
#9 /Users/laurentbinder/Sites/www/2021_06_test_WP/wp-content/plugins/woocommerce/packages/action-scheduler/classes/ActionScheduler_AsyncRequest_QueueRunner.php(52): do_action('action_schedule...', 'Async Request')
#10 /Users/laurentbinder/Sites/www/2021_06_test_WP/wp-content/plugins/woocommerce/includes/libraries/wp-async-request.php(147): ActionScheduler_AsyncRequest_QueueRunner->handle()
#11 /Users/laurentbinder/Sites/www/2021_06_test_WP/wp-includes/class-wp-hook.php(292): WP_Async_Request->maybe_handle('')
#12 /Users/laurentbinder/Sites/www/2021_06_test_WP/wp-includes/class-wp-hook.php(316): WP_Hook->apply_filters('', Array)
#13 /Users/laurentbinder/Sites/www/2021_06_test_WP/wp-includes/plugin.php(484): WP_Hook->do_action(Array)
#14 /Users/laurentbinder/Sites/www/2021_06_test_WP/wp-admin/admin-ajax.php(187): do_action('wp_ajax_as_asyn...')
#15 {main}
  thrown dans /Users/laurentbinder/Sites/www/2021_06_test_WP/wp-includes/class-wp-hook.php à la ligne 292

2021-06-21T20:24:27+00:00 CRITICAL Uncaught Error: Unknown named parameter $tasks_meta_id in /Users/laurentbinder/Sites/www/2021_06_test_WP/wp-includes/class-wp-hook.php:292
Stack trace:
#0 /Users/laurentbinder/Sites/www/2021_06_test_WP/wp-includes/class-wp-hook.php(316): WP_Hook->apply_filters('', Array)
#1 /Users/laurentbinder/Sites/www/2021_06_test_WP/wp-includes/plugin.php(551): WP_Hook->do_action(Array)
#2 /Users/laurentbinder/Sites/www/2021_06_test_WP/wp-content/plugins/woocommerce/packages/action-scheduler/classes/actions/ActionScheduler_Action.php(22): do_action_ref_array('wpforms_admin_n...', Array)
#3 /Users/laurentbinder/Sites/www/2021_06_test_WP/wp-content/plugins/woocommerce/packages/action-scheduler/classes/abstracts/ActionScheduler_Abstract_QueueRunner.php(65): ActionScheduler_Action->execute()
#4 /Users/laurentbinder/Sites/www/2021_06_test_WP/wp-content/plugins/woocommerce/packages/action-scheduler/classes/ActionScheduler_QueueRunner.php(162): ActionScheduler_Abstract_QueueRunner->process_action(167, 'Async Request')
#5 /Users/laurentbinder/Sites/www/2021_06_test_WP/wp-content/plugins/woocommerce/packages/action-scheduler/classes/ActionScheduler_QueueRunner.php(132): ActionScheduler_QueueRunner->do_batch(25, 'Async Request')
#6 /Users/laurentbinder/Sites/www/2021_06_test_WP/wp-includes/class-wp-hook.php(292): ActionScheduler_QueueRunner->run('Async Request')
#7 /Users/laurentbinder/Sites/www/2021_06_test_WP/wp-includes/class-wp-hook.php(316): WP_Hook->apply_filters('', Array)
#8 /Users/laurentbinder/Sites/www/2021_06_test_WP/wp-includes/plugin.php(484): WP_Hook->do_action(Array)
#9 /Users/laurentbinder/Sites/www/2021_06_test_WP/wp-content/plugins/woocommerce/packages/action-scheduler/classes/ActionScheduler_AsyncRequest_QueueRunner.php(52): do_action('action_schedule...', 'Async Request')
#10 /Users/laurentbinder/Sites/www/2021_06_test_WP/wp-content/plugins/woocommerce/includes/libraries/wp-async-request.php(147): ActionScheduler_AsyncRequest_QueueRunner->handle()
#11 /Users/laurentbinder/Sites/www/2021_06_test_WP/wp-includes/class-wp-hook.php(292): WP_Async_Request->maybe_handle('')
#12 /Users/laurentbinder/Sites/www/2021_06_test_WP/wp-includes/class-wp-hook.php(316): WP_Hook->apply_filters('', Array)
#13 /Users/laurentbinder/Sites/www/2021_06_test_WP/wp-includes/plugin.php(484): WP_Hook->do_action(Array)
#14 /Users/laurentbinder/Sites/www/2021_06_test_WP/wp-admin/admin-ajax.php(187): do_action('wp_ajax_as_asyn...')
#15 {main}
  thrown dans /Users/laurentbinder/Sites/www/2021_06_test_WP/wp-includes/class-wp-hook.php à la ligne 292

2021-06-21T20:25:29+00:00 CRITICAL Uncaught Error: Unknown named parameter $tasks_meta_id in /Users/laurentbinder/Sites/www/2021_06_test_WP/wp-includes/class-wp-hook.php:292
Stack trace:
#0 /Users/laurentbinder/Sites/www/2021_06_test_WP/wp-includes/class-wp-hook.php(316): WP_Hook->apply_filters('', Array)
#1 /Users/laurentbinder/Sites/www/2021_06_test_WP/wp-includes/plugin.php(551): WP_Hook->do_action(Array)
#2 /Users/laurentbinder/Sites/www/2021_06_test_WP/wp-content/plugins/woocommerce/packages/action-scheduler/classes/actions/ActionScheduler_Action.php(22): do_action_ref_array('wpforms_admin_n...', Array)
#3 /Users/laurentbinder/Sites/www/2021_06_test_WP/wp-content/plugins/woocommerce/packages/action-scheduler/classes/abstracts/ActionScheduler_Abstract_QueueRunner.php(65): ActionScheduler_Action->execute()
#4 /Users/laurentbinder/Sites/www/2021_06_test_WP/wp-content/plugins/woocommerce/packages/action-scheduler/classes/ActionScheduler_QueueRunner.php(162): ActionScheduler_Abstract_QueueRunner->process_action(168, 'Async Request')
#5 /Users/laurentbinder/Sites/www/2021_06_test_WP/wp-content/plugins/woocommerce/packages/action-scheduler/classes/ActionScheduler_QueueRunner.php(132): ActionScheduler_QueueRunner->do_batch(25, 'Async Request')
#6 /Users/laurentbinder/Sites/www/2021_06_test_WP/wp-includes/class-wp-hook.php(292): ActionScheduler_QueueRunner->run('Async Request')
#7 /Users/laurentbinder/Sites/www/2021_06_test_WP/wp-includes/class-wp-hook.php(316): WP_Hook->apply_filters('', Array)
#8 /Users/laurentbinder/Sites/www/2021_06_test_WP/wp-includes/plugin.php(484): WP_Hook->do_action(Array)
#9 /Users/laurentbinder/Sites/www/2021_06_test_WP/wp-content/plugins/woocommerce/packages/action-scheduler/classes/ActionScheduler_AsyncRequest_QueueRunner.php(52): do_action('action_schedule...', 'Async Request')
#10 /Users/laurentbinder/Sites/www/2021_06_test_WP/wp-content/plugins/woocommerce/includes/libraries/wp-async-request.php(147): ActionScheduler_AsyncRequest_QueueRunner->handle()
#11 /Users/laurentbinder/Sites/www/2021_06_test_WP/wp-includes/class-wp-hook.php(292): WP_Async_Request->maybe_handle('')
#12 /Users/laurentbinder/Sites/www/2021_06_test_WP/wp-includes/class-wp-hook.php(316): WP_Hook->apply_filters('', Array)
#13 /Users/laurentbinder/Sites/www/2021_06_test_WP/wp-includes/plugin.php(484): WP_Hook->do_action(Array)
#14 /Users/laurentbinder/Sites/www/2021_06_test_WP/wp-admin/admin-ajax.php(187): do_action('wp_ajax_as_asyn...')
#15 {main}
  thrown dans /Users/laurentbinder/Sites/www/2021_06_test_WP/wp-includes/class-wp-hook.php à la ligne 292

2021-06-21T20:26:57+00:00 CRITICAL Uncaught Error: Unknown named parameter $tasks_meta_id in /Users/laurentbinder/Sites/www/2021_06_test_WP/wp-includes/class-wp-hook.php:292
Stack trace:
#0 /Users/laurentbinder/Sites/www/2021_06_test_WP/wp-includes/class-wp-hook.php(316): WP_Hook->apply_filters('', Array)
#1 /Users/laurentbinder/Sites/www/2021_06_test_WP/wp-includes/plugin.php(551): WP_Hook->do_action(Array)
#2 /Users/laurentbinder/Sites/www/2021_06_test_WP/wp-content/plugins/woocommerce/packages/action-scheduler/classes/actions/ActionScheduler_Action.php(22): do_action_ref_array('wpforms_admin_n...', Array)
#3 /Users/laurentbinder/Sites/www/2021_06_test_WP/wp-content/plugins/woocommerce/packages/action-scheduler/classes/abstracts/ActionScheduler_Abstract_QueueRunner.php(65): ActionScheduler_Action->execute()
#4 /Users/laurentbinder/Sites/www/2021_06_test_WP/wp-content/plugins/woocommerce/packages/action-scheduler/classes/ActionScheduler_QueueRunner.php(162): ActionScheduler_Abstract_QueueRunner->process_action(169, 'WP Cron')
#5 /Users/laurentbinder/Sites/www/2021_06_test_WP/wp-content/plugins/woocommerce/packages/action-scheduler/classes/ActionScheduler_QueueRunner.php(132): ActionScheduler_QueueRunner->do_batch(25, 'WP Cron')
#6 /Users/laurentbinder/Sites/www/2021_06_test_WP/wp-includes/class-wp-hook.php(292): ActionScheduler_QueueRunner->run('WP Cron')
#7 /Users/laurentbinder/Sites/www/2021_06_test_WP/wp-includes/class-wp-hook.php(316): WP_Hook->apply_filters('', Array)
#8 /Users/laurentbinder/Sites/www/2021_06_test_WP/wp-includes/plugin.php(551): WP_Hook->do_action(Array)
#9 /Users/laurentbinder/Sites/www/2021_06_test_WP/wp-cron.php(138): do_action_ref_array('action_schedule...', Array)
#10 {main}
  thrown dans /Users/laurentbinder/Sites/www/2021_06_test_WP/wp-includes/class-wp-hook.php à la ligne 292

2021-06-21T20:28:01+00:00 CRITICAL Uncaught Error: Unknown named parameter $tasks_meta_id in /Users/laurentbinder/Sites/www/2021_06_test_WP/wp-includes/class-wp-hook.php:292
Stack trace:
#0 /Users/laurentbinder/Sites/www/2021_06_test_WP/wp-includes/class-wp-hook.php(316): WP_Hook->apply_filters('', Array)
#1 /Users/laurentbinder/Sites/www/2021_06_test_WP/wp-includes/plugin.php(551): WP_Hook->do_action(Array)
#2 /Users/laurentbinder/Sites/www/2021_06_test_WP/wp-content/plugins/woocommerce/packages/action-scheduler/classes/actions/ActionScheduler_Action.php(22): do_action_ref_array('wpforms_admin_n...', Array)
#3 /Users/laurentbinder/Sites/www/2021_06_test_WP/wp-content/plugins/woocommerce/packages/action-scheduler/classes/abstracts/ActionScheduler_Abstract_QueueRunner.php(65): ActionScheduler_Action->execute()
#4 /Users/laurentbinder/Sites/www/2021_06_test_WP/wp-content/plugins/woocommerce/packages/action-scheduler/classes/ActionScheduler_QueueRunner.php(162): ActionScheduler_Abstract_QueueRunner->process_action(170, 'WP Cron')
#5 /Users/laurentbinder/Sites/www/2021_06_test_WP/wp-content/plugins/woocommerce/packages/action-scheduler/classes/ActionScheduler_QueueRunner.php(132): ActionScheduler_QueueRunner->do_batch(25, 'WP Cron')
#6 /Users/laurentbinder/Sites/www/2021_06_test_WP/wp-includes/class-wp-hook.php(292): ActionScheduler_QueueRunner->run('WP Cron')
#7 /Users/laurentbinder/Sites/www/2021_06_test_WP/wp-includes/class-wp-hook.php(316): WP_Hook->apply_filters('', Array)
#8 /Users/laurentbinder/Sites/www/2021_06_test_WP/wp-includes/plugin.php(551): WP_Hook->do_action(Array)
#9 /Users/laurentbinder/Sites/www/2021_06_test_WP/wp-cron.php(138): do_action_ref_array('action_schedule...', Array)
#10 {main}
  thrown dans /Users/laurentbinder/Sites/www/2021_06_test_WP/wp-includes/class-wp-hook.php à la ligne 292

2021-06-21T20:30:10+00:00 CRITICAL Uncaught Error: Unknown named parameter $tasks_meta_id in /Users/laurentbinder/Sites/www/2021_06_test_WP/wp-includes/class-wp-hook.php:292
Stack trace:
#0 /Users/laurentbinder/Sites/www/2021_06_test_WP/wp-includes/class-wp-hook.php(316): WP_Hook->apply_filters('', Array)
#1 /Users/laurentbinder/Sites/www/2021_06_test_WP/wp-includes/plugin.php(551): WP_Hook->do_action(Array)
#2 /Users/laurentbinder/Sites/www/2021_06_test_WP/wp-content/plugins/woocommerce/packages/action-scheduler/classes/actions/ActionScheduler_Action.php(22): do_action_ref_array('wpforms_admin_n...', Array)
#3 /Users/laurentbinder/Sites/www/2021_06_test_WP/wp-content/plugins/woocommerce/packages/action-scheduler/classes/abstracts/ActionScheduler_Abstract_QueueRunner.php(65): ActionScheduler_Action->execute()
#4 /Users/laurentbinder/Sites/www/2021_06_test_WP/wp-content/plugins/woocommerce/packages/action-scheduler/classes/ActionScheduler_QueueRunner.php(162): ActionScheduler_Abstract_QueueRunner->process_action(171, 'Async Request')
#5 /Users/laurentbinder/Sites/www/2021_06_test_WP/wp-content/plugins/woocommerce/packages/action-scheduler/classes/ActionScheduler_QueueRunner.php(132): ActionScheduler_QueueRunner->do_batch(25, 'Async Request')
#6 /Users/laurentbinder/Sites/www/2021_06_test_WP/wp-includes/class-wp-hook.php(292): ActionScheduler_QueueRunner->run('Async Request')
#7 /Users/laurentbinder/Sites/www/2021_06_test_WP/wp-includes/class-wp-hook.php(316): WP_Hook->apply_filters('', Array)
#8 /Users/laurentbinder/Sites/www/2021_06_test_WP/wp-includes/plugin.php(484): WP_Hook->do_action(Array)
#9 /Users/laurentbinder/Sites/www/2021_06_test_WP/wp-content/plugins/woocommerce/packages/action-scheduler/classes/ActionScheduler_AsyncRequest_QueueRunner.php(52): do_action('action_schedule...', 'Async Request')
#10 /Users/laurentbinder/Sites/www/2021_06_test_WP/wp-content/plugins/woocommerce/includes/libraries/wp-async-request.php(147): ActionScheduler_AsyncRequest_QueueRunner->handle()
#11 /Users/laurentbinder/Sites/www/2021_06_test_WP/wp-includes/class-wp-hook.php(292): WP_Async_Request->maybe_handle('')
#12 /Users/laurentbinder/Sites/www/2021_06_test_WP/wp-includes/class-wp-hook.php(316): WP_Hook->apply_filters('', Array)
#13 /Users/laurentbinder/Sites/www/2021_06_test_WP/wp-includes/plugin.php(484): WP_Hook->do_action(Array)
#14 /Users/laurentbinder/Sites/www/2021_06_test_WP/wp-admin/admin-ajax.php(187): do_action('wp_ajax_as_asyn...')
#15 {main}
  thrown dans /Users/laurentbinder/Sites/www/2021_06_test_WP/wp-includes/class-wp-hook.php à la ligne 292

2021-06-21T20:34:56+00:00 CRITICAL Uncaught Error: Unknown named parameter $tasks_meta_id in /Users/laurentbinder/Sites/www/2021_06_test_WP/wp-includes/class-wp-hook.php:292
Stack trace:
#0 /Users/laurentbinder/Sites/www/2021_06_test_WP/wp-includes/class-wp-hook.php(316): WP_Hook->apply_filters('', Array)
#1 /Users/laurentbinder/Sites/www/2021_06_test_WP/wp-includes/plugin.php(551): WP_Hook->do_action(Array)
#2 /Users/laurentbinder/Sites/www/2021_06_test_WP/wp-content/plugins/woocommerce/packages/action-scheduler/classes/actions/ActionScheduler_Action.php(22): do_action_ref_array('wpforms_admin_n...', Array)
#3 /Users/laurentbinder/Sites/www/2021_06_test_WP/wp-content/plugins/woocommerce/packages/action-scheduler/classes/abstracts/ActionScheduler_Abstract_QueueRunner.php(65): ActionScheduler_Action->execute()
#4 /Users/laurentbinder/Sites/www/2021_06_test_WP/wp-content/plugins/woocommerce/packages/action-scheduler/classes/ActionScheduler_QueueRunner.php(162): ActionScheduler_Abstract_QueueRunner->process_action(172, 'Async Request')
#5 /Users/laurentbinder/Sites/www/2021_06_test_WP/wp-content/plugins/woocommerce/packages/action-scheduler/classes/ActionScheduler_QueueRunner.php(132): ActionScheduler_QueueRunner->do_batch(25, 'Async Request')
#6 /Users/laurentbinder/Sites/www/2021_06_test_WP/wp-includes/class-wp-hook.php(292): ActionScheduler_QueueRunner->run('Async Request')
#7 /Users/laurentbinder/Sites/www/2021_06_test_WP/wp-includes/class-wp-hook.php(316): WP_Hook->apply_filters('', Array)
#8 /Users/laurentbinder/Sites/www/2021_06_test_WP/wp-includes/plugin.php(484): WP_Hook->do_action(Array)
#9 /Users/laurentbinder/Sites/www/2021_06_test_WP/wp-content/plugins/woocommerce/packages/action-scheduler/classes/ActionScheduler_AsyncRequest_QueueRunner.php(52): do_action('action_schedule...', 'Async Request')
#10 /Users/laurentbinder/Sites/www/2021_06_test_WP/wp-content/plugins/woocommerce/includes/libraries/wp-async-request.php(147): ActionScheduler_AsyncRequest_QueueRunner->handle()
#11 /Users/laurentbinder/Sites/www/2021_06_test_WP/wp-includes/class-wp-hook.php(292): WP_Async_Request->maybe_handle('')
#12 /Users/laurentbinder/Sites/www/2021_06_test_WP/wp-includes/class-wp-hook.php(316): WP_Hook->apply_filters('', Array)
#13 /Users/laurentbinder/Sites/www/2021_06_test_WP/wp-includes/plugin.php(484): WP_Hook->do_action(Array)
#14 /Users/laurentbinder/Sites/www/2021_06_test_WP/wp-admin/admin-ajax.php(187): do_action('wp_ajax_as_asyn...')
#15 {main}
  thrown dans /Users/laurentbinder/Sites/www/2021_06_test_WP/wp-includes/class-wp-hook.php à la ligne 292

