2021-07-12T08:48:26+00:00 CRITICAL Uncaught Error: Unknown named parameter $tasks_meta_id in /Users/laurentbinder/Sites/www/2021_06_test_WP/wp-includes/class-wp-hook.php:292
Stack trace:
#0 /Users/laurentbinder/Sites/www/2021_06_test_WP/wp-includes/class-wp-hook.php(316): WP_Hook->apply_filters('', Array)
#1 /Users/laurentbinder/Sites/www/2021_06_test_WP/wp-includes/plugin.php(551): WP_Hook->do_action(Array)
#2 /Users/laurentbinder/Sites/www/2021_06_test_WP/wp-content/plugins/woocommerce/packages/action-scheduler/classes/actions/ActionScheduler_Action.php(22): do_action_ref_array('wpforms_email_s...', Array)
#3 /Users/laurentbinder/Sites/www/2021_06_test_WP/wp-content/plugins/woocommerce/packages/action-scheduler/classes/abstracts/ActionScheduler_Abstract_QueueRunner.php(65): ActionScheduler_Action->execute()
#4 /Users/laurentbinder/Sites/www/2021_06_test_WP/wp-content/plugins/woocommerce/packages/action-scheduler/classes/ActionScheduler_QueueRunner.php(162): ActionScheduler_Abstract_QueueRunner->process_action(1207, 'WP Cron')
#5 /Users/laurentbinder/Sites/www/2021_06_test_WP/wp-content/plugins/woocommerce/packages/action-scheduler/classes/ActionScheduler_QueueRunner.php(132): ActionScheduler_QueueRunner->do_batch(25, 'WP Cron')
#6 /Users/laurentbinder/Sites/www/2021_06_test_WP/wp-includes/class-wp-hook.php(292): ActionScheduler_QueueRunner->run('WP Cron')
#7 /Users/laurentbinder/Sites/www/2021_06_test_WP/wp-includes/class-wp-hook.php(316): WP_Hook->apply_filters('', Array)
#8 /Users/laurentbinder/Sites/www/2021_06_test_WP/wp-includes/plugin.php(551): WP_Hook->do_action(Array)
#9 /Users/laurentbinder/Sites/www/2021_06_test_WP/wp-cron.php(138): do_action_ref_array('action_schedule...', Array)
#10 {main}
  thrown dans /Users/laurentbinder/Sites/www/2021_06_test_WP/wp-includes/class-wp-hook.php à la ligne 292

2021-07-12T08:49:06+00:00 CRITICAL Uncaught Error: Unknown named parameter $tasks_meta_id in /Users/laurentbinder/Sites/www/2021_06_test_WP/wp-includes/class-wp-hook.php:292
Stack trace:
#0 /Users/laurentbinder/Sites/www/2021_06_test_WP/wp-includes/class-wp-hook.php(316): WP_Hook->apply_filters('', Array)
#1 /Users/laurentbinder/Sites/www/2021_06_test_WP/wp-includes/plugin.php(551): WP_Hook->do_action(Array)
#2 /Users/laurentbinder/Sites/www/2021_06_test_WP/wp-content/plugins/woocommerce/packages/action-scheduler/classes/actions/ActionScheduler_Action.php(22): do_action_ref_array('wpforms_process...', Array)
#3 /Users/laurentbinder/Sites/www/2021_06_test_WP/wp-content/plugins/woocommerce/packages/action-scheduler/classes/abstracts/ActionScheduler_Abstract_QueueRunner.php(65): ActionScheduler_Action->execute()
#4 /Users/laurentbinder/Sites/www/2021_06_test_WP/wp-content/plugins/woocommerce/packages/action-scheduler/classes/ActionScheduler_QueueRunner.php(162): ActionScheduler_Abstract_QueueRunner->process_action(1496, 'Async Request')
#5 /Users/laurentbinder/Sites/www/2021_06_test_WP/wp-content/plugins/woocommerce/packages/action-scheduler/classes/ActionScheduler_QueueRunner.php(132): ActionScheduler_QueueRunner->do_batch(25, 'Async Request')
#6 /Users/laurentbinder/Sites/www/2021_06_test_WP/wp-includes/class-wp-hook.php(292): ActionScheduler_QueueRunner->run('Async Request')
#7 /Users/laurentbinder/Sites/www/2021_06_test_WP/wp-includes/class-wp-hook.php(316): WP_Hook->apply_filters('', Array)
#8 /Users/laurentbinder/Sites/www/2021_06_test_WP/wp-includes/plugin.php(484): WP_Hook->do_action(Array)
#9 /Users/laurentbinder/Sites/www/2021_06_test_WP/wp-content/plugins/woocommerce/packages/action-scheduler/classes/ActionScheduler_AsyncRequest_QueueRunner.php(52): do_action('action_schedule...', 'Async Request')
#10 /Users/laurentbinder/Sites/www/2021_06_test_WP/wp-content/plugins/woocommerce/includes/libraries/wp-async-request.php(147): ActionScheduler_AsyncRequest_QueueRunner->handle()
#11 /Users/laurentbinder/Sites/www/2021_06_test_WP/wp-includes/class-wp-hook.php(292): WP_Async_Request->maybe_handle('')
#12 /Users/laurentbinder/Sites/www/2021_06_test_WP/wp-includes/class-wp-hook.php(316): WP_Hook->apply_filters('', Array)
#13 /Users/laurentbinder/Sites/www/2021_06_test_WP/wp-includes/plugin.php(484): WP_Hook->do_action(Array)
#14 /Users/laurentbinder/Sites/www/2021_06_test_WP/wp-admin/admin-ajax.php(187): do_action('wp_ajax_as_asyn...')
#15 {main}
  thrown dans /Users/laurentbinder/Sites/www/2021_06_test_WP/wp-includes/class-wp-hook.php à la ligne 292

2021-07-12T08:49:59+00:00 CRITICAL Uncaught Error: Unknown named parameter $tasks_meta_id in /Users/laurentbinder/Sites/www/2021_06_test_WP/wp-includes/class-wp-hook.php:292
Stack trace:
#0 /Users/laurentbinder/Sites/www/2021_06_test_WP/wp-includes/class-wp-hook.php(316): WP_Hook->apply_filters('', Array)
#1 /Users/laurentbinder/Sites/www/2021_06_test_WP/wp-includes/plugin.php(551): WP_Hook->do_action(Array)
#2 /Users/laurentbinder/Sites/www/2021_06_test_WP/wp-content/plugins/woocommerce/packages/action-scheduler/classes/actions/ActionScheduler_Action.php(22): do_action_ref_array('wpforms_email_s...', Array)
#3 /Users/laurentbinder/Sites/www/2021_06_test_WP/wp-content/plugins/woocommerce/packages/action-scheduler/classes/abstracts/ActionScheduler_Abstract_QueueRunner.php(65): ActionScheduler_Action->execute()
#4 /Users/laurentbinder/Sites/www/2021_06_test_WP/wp-content/plugins/woocommerce/packages/action-scheduler/classes/ActionScheduler_QueueRunner.php(162): ActionScheduler_Abstract_QueueRunner->process_action(1686, 'WP Cron')
#5 /Users/laurentbinder/Sites/www/2021_06_test_WP/wp-content/plugins/woocommerce/packages/action-scheduler/classes/ActionScheduler_QueueRunner.php(132): ActionScheduler_QueueRunner->do_batch(25, 'WP Cron')
#6 /Users/laurentbinder/Sites/www/2021_06_test_WP/wp-includes/class-wp-hook.php(292): ActionScheduler_QueueRunner->run('WP Cron')
#7 /Users/laurentbinder/Sites/www/2021_06_test_WP/wp-includes/class-wp-hook.php(316): WP_Hook->apply_filters('', Array)
#8 /Users/laurentbinder/Sites/www/2021_06_test_WP/wp-includes/plugin.php(551): WP_Hook->do_action(Array)
#9 /Users/laurentbinder/Sites/www/2021_06_test_WP/wp-cron.php(138): do_action_ref_array('action_schedule...', Array)
#10 {main}
  thrown dans /Users/laurentbinder/Sites/www/2021_06_test_WP/wp-includes/class-wp-hook.php à la ligne 292

2021-07-12T08:50:09+00:00 CRITICAL Uncaught Error: Unknown named parameter $tasks_meta_id in /Users/laurentbinder/Sites/www/2021_06_test_WP/wp-includes/class-wp-hook.php:292
Stack trace:
#0 /Users/laurentbinder/Sites/www/2021_06_test_WP/wp-includes/class-wp-hook.php(316): WP_Hook->apply_filters('', Array)
#1 /Users/laurentbinder/Sites/www/2021_06_test_WP/wp-includes/plugin.php(551): WP_Hook->do_action(Array)
#2 /Users/laurentbinder/Sites/www/2021_06_test_WP/wp-content/plugins/woocommerce/packages/action-scheduler/classes/actions/ActionScheduler_Action.php(22): do_action_ref_array('wpforms_admin_n...', Array)
#3 /Users/laurentbinder/Sites/www/2021_06_test_WP/wp-content/plugins/woocommerce/packages/action-scheduler/classes/abstracts/ActionScheduler_Abstract_QueueRunner.php(65): ActionScheduler_Action->execute()
#4 /Users/laurentbinder/Sites/www/2021_06_test_WP/wp-content/plugins/woocommerce/packages/action-scheduler/classes/ActionScheduler_QueueRunner.php(162): ActionScheduler_Abstract_QueueRunner->process_action(1691, 'Async Request')
#5 /Users/laurentbinder/Sites/www/2021_06_test_WP/wp-content/plugins/woocommerce/packages/action-scheduler/classes/ActionScheduler_QueueRunner.php(132): ActionScheduler_QueueRunner->do_batch(25, 'Async Request')
#6 /Users/laurentbinder/Sites/www/2021_06_test_WP/wp-includes/class-wp-hook.php(292): ActionScheduler_QueueRunner->run('Async Request')
#7 /Users/laurentbinder/Sites/www/2021_06_test_WP/wp-includes/class-wp-hook.php(316): WP_Hook->apply_filters('', Array)
#8 /Users/laurentbinder/Sites/www/2021_06_test_WP/wp-includes/plugin.php(484): WP_Hook->do_action(Array)
#9 /Users/laurentbinder/Sites/www/2021_06_test_WP/wp-content/plugins/woocommerce/packages/action-scheduler/classes/ActionScheduler_AsyncRequest_QueueRunner.php(52): do_action('action_schedule...', 'Async Request')
#10 /Users/laurentbinder/Sites/www/2021_06_test_WP/wp-content/plugins/woocommerce/includes/libraries/wp-async-request.php(147): ActionScheduler_AsyncRequest_QueueRunner->handle()
#11 /Users/laurentbinder/Sites/www/2021_06_test_WP/wp-includes/class-wp-hook.php(292): WP_Async_Request->maybe_handle('')
#12 /Users/laurentbinder/Sites/www/2021_06_test_WP/wp-includes/class-wp-hook.php(316): WP_Hook->apply_filters('', Array)
#13 /Users/laurentbinder/Sites/www/2021_06_test_WP/wp-includes/plugin.php(484): WP_Hook->do_action(Array)
#14 /Users/laurentbinder/Sites/www/2021_06_test_WP/wp-admin/admin-ajax.php(187): do_action('wp_ajax_as_asyn...')
#15 {main}
  thrown dans /Users/laurentbinder/Sites/www/2021_06_test_WP/wp-includes/class-wp-hook.php à la ligne 292

2021-07-12T08:51:22+00:00 CRITICAL Uncaught Error: Unknown named parameter $tasks_meta_id in /Users/laurentbinder/Sites/www/2021_06_test_WP/wp-includes/class-wp-hook.php:292
Stack trace:
#0 /Users/laurentbinder/Sites/www/2021_06_test_WP/wp-includes/class-wp-hook.php(316): WP_Hook->apply_filters('', Array)
#1 /Users/laurentbinder/Sites/www/2021_06_test_WP/wp-includes/plugin.php(551): WP_Hook->do_action(Array)
#2 /Users/laurentbinder/Sites/www/2021_06_test_WP/wp-content/plugins/woocommerce/packages/action-scheduler/classes/actions/ActionScheduler_Action.php(22): do_action_ref_array('wpforms_email_s...', Array)
#3 /Users/laurentbinder/Sites/www/2021_06_test_WP/wp-content/plugins/woocommerce/packages/action-scheduler/classes/abstracts/ActionScheduler_Abstract_QueueRunner.php(65): ActionScheduler_Action->execute()
#4 /Users/laurentbinder/Sites/www/2021_06_test_WP/wp-content/plugins/woocommerce/packages/action-scheduler/classes/ActionScheduler_QueueRunner.php(162): ActionScheduler_Abstract_QueueRunner->process_action(1692, 'Async Request')
#5 /Users/laurentbinder/Sites/www/2021_06_test_WP/wp-content/plugins/woocommerce/packages/action-scheduler/classes/ActionScheduler_QueueRunner.php(132): ActionScheduler_QueueRunner->do_batch(25, 'Async Request')
#6 /Users/laurentbinder/Sites/www/2021_06_test_WP/wp-includes/class-wp-hook.php(292): ActionScheduler_QueueRunner->run('Async Request')
#7 /Users/laurentbinder/Sites/www/2021_06_test_WP/wp-includes/class-wp-hook.php(316): WP_Hook->apply_filters('', Array)
#8 /Users/laurentbinder/Sites/www/2021_06_test_WP/wp-includes/plugin.php(484): WP_Hook->do_action(Array)
#9 /Users/laurentbinder/Sites/www/2021_06_test_WP/wp-content/plugins/woocommerce/packages/action-scheduler/classes/ActionScheduler_AsyncRequest_QueueRunner.php(52): do_action('action_schedule...', 'Async Request')
#10 /Users/laurentbinder/Sites/www/2021_06_test_WP/wp-content/plugins/woocommerce/includes/libraries/wp-async-request.php(147): ActionScheduler_AsyncRequest_QueueRunner->handle()
#11 /Users/laurentbinder/Sites/www/2021_06_test_WP/wp-includes/class-wp-hook.php(292): WP_Async_Request->maybe_handle('')
#12 /Users/laurentbinder/Sites/www/2021_06_test_WP/wp-includes/class-wp-hook.php(316): WP_Hook->apply_filters('', Array)
#13 /Users/laurentbinder/Sites/www/2021_06_test_WP/wp-includes/plugin.php(484): WP_Hook->do_action(Array)
#14 /Users/laurentbinder/Sites/www/2021_06_test_WP/wp-admin/admin-ajax.php(187): do_action('wp_ajax_as_asyn...')
#15 {main}
  thrown dans /Users/laurentbinder/Sites/www/2021_06_test_WP/wp-includes/class-wp-hook.php à la ligne 292

2021-07-12T08:52:21+00:00 CRITICAL Uncaught Error: Unknown named parameter $tasks_meta_id in /Users/laurentbinder/Sites/www/2021_06_test_WP/wp-includes/class-wp-hook.php:292
Stack trace:
#0 /Users/laurentbinder/Sites/www/2021_06_test_WP/wp-includes/class-wp-hook.php(316): WP_Hook->apply_filters('', Array)
#1 /Users/laurentbinder/Sites/www/2021_06_test_WP/wp-includes/plugin.php(551): WP_Hook->do_action(Array)
#2 /Users/laurentbinder/Sites/www/2021_06_test_WP/wp-content/plugins/woocommerce/packages/action-scheduler/classes/actions/ActionScheduler_Action.php(22): do_action_ref_array('wpforms_admin_n...', Array)
#3 /Users/laurentbinder/Sites/www/2021_06_test_WP/wp-content/plugins/woocommerce/packages/action-scheduler/classes/abstracts/ActionScheduler_Abstract_QueueRunner.php(65): ActionScheduler_Action->execute()
#4 /Users/laurentbinder/Sites/www/2021_06_test_WP/wp-content/plugins/woocommerce/packages/action-scheduler/classes/ActionScheduler_QueueRunner.php(162): ActionScheduler_Abstract_QueueRunner->process_action(1693, 'WP Cron')
#5 /Users/laurentbinder/Sites/www/2021_06_test_WP/wp-content/plugins/woocommerce/packages/action-scheduler/classes/ActionScheduler_QueueRunner.php(132): ActionScheduler_QueueRunner->do_batch(25, 'WP Cron')
#6 /Users/laurentbinder/Sites/www/2021_06_test_WP/wp-includes/class-wp-hook.php(292): ActionScheduler_QueueRunner->run('WP Cron')
#7 /Users/laurentbinder/Sites/www/2021_06_test_WP/wp-includes/class-wp-hook.php(316): WP_Hook->apply_filters('', Array)
#8 /Users/laurentbinder/Sites/www/2021_06_test_WP/wp-includes/plugin.php(551): WP_Hook->do_action(Array)
#9 /Users/laurentbinder/Sites/www/2021_06_test_WP/wp-cron.php(138): do_action_ref_array('action_schedule...', Array)
#10 {main}
  thrown dans /Users/laurentbinder/Sites/www/2021_06_test_WP/wp-includes/class-wp-hook.php à la ligne 292

2021-07-12T08:54:19+00:00 CRITICAL Uncaught Error: Unknown named parameter $tasks_meta_id in /Users/laurentbinder/Sites/www/2021_06_test_WP/wp-includes/class-wp-hook.php:292
Stack trace:
#0 /Users/laurentbinder/Sites/www/2021_06_test_WP/wp-includes/class-wp-hook.php(316): WP_Hook->apply_filters('', Array)
#1 /Users/laurentbinder/Sites/www/2021_06_test_WP/wp-includes/plugin.php(551): WP_Hook->do_action(Array)
#2 /Users/laurentbinder/Sites/www/2021_06_test_WP/wp-content/plugins/woocommerce/packages/action-scheduler/classes/actions/ActionScheduler_Action.php(22): do_action_ref_array('wpforms_email_s...', Array)
#3 /Users/laurentbinder/Sites/www/2021_06_test_WP/wp-content/plugins/woocommerce/packages/action-scheduler/classes/abstracts/ActionScheduler_Abstract_QueueRunner.php(65): ActionScheduler_Action->execute()
#4 /Users/laurentbinder/Sites/www/2021_06_test_WP/wp-content/plugins/woocommerce/packages/action-scheduler/classes/ActionScheduler_QueueRunner.php(162): ActionScheduler_Abstract_QueueRunner->process_action(1694, 'WP Cron')
#5 /Users/laurentbinder/Sites/www/2021_06_test_WP/wp-content/plugins/woocommerce/packages/action-scheduler/classes/ActionScheduler_QueueRunner.php(132): ActionScheduler_QueueRunner->do_batch(25, 'WP Cron')
#6 /Users/laurentbinder/Sites/www/2021_06_test_WP/wp-includes/class-wp-hook.php(292): ActionScheduler_QueueRunner->run('WP Cron')
#7 /Users/laurentbinder/Sites/www/2021_06_test_WP/wp-includes/class-wp-hook.php(316): WP_Hook->apply_filters('', Array)
#8 /Users/laurentbinder/Sites/www/2021_06_test_WP/wp-includes/plugin.php(551): WP_Hook->do_action(Array)
#9 /Users/laurentbinder/Sites/www/2021_06_test_WP/wp-cron.php(138): do_action_ref_array('action_schedule...', Array)
#10 {main}
  thrown dans /Users/laurentbinder/Sites/www/2021_06_test_WP/wp-includes/class-wp-hook.php à la ligne 292

2021-07-12T08:55:20+00:00 CRITICAL Uncaught Error: Unknown named parameter $tasks_meta_id in /Users/laurentbinder/Sites/www/2021_06_test_WP/wp-includes/class-wp-hook.php:292
Stack trace:
#0 /Users/laurentbinder/Sites/www/2021_06_test_WP/wp-includes/class-wp-hook.php(316): WP_Hook->apply_filters('', Array)
#1 /Users/laurentbinder/Sites/www/2021_06_test_WP/wp-includes/plugin.php(551): WP_Hook->do_action(Array)
#2 /Users/laurentbinder/Sites/www/2021_06_test_WP/wp-content/plugins/woocommerce/packages/action-scheduler/classes/actions/ActionScheduler_Action.php(22): do_action_ref_array('wpforms_email_s...', Array)
#3 /Users/laurentbinder/Sites/www/2021_06_test_WP/wp-content/plugins/woocommerce/packages/action-scheduler/classes/abstracts/ActionScheduler_Abstract_QueueRunner.php(65): ActionScheduler_Action->execute()
#4 /Users/laurentbinder/Sites/www/2021_06_test_WP/wp-content/plugins/woocommerce/packages/action-scheduler/classes/ActionScheduler_QueueRunner.php(162): ActionScheduler_Abstract_QueueRunner->process_action(1695, 'WP Cron')
#5 /Users/laurentbinder/Sites/www/2021_06_test_WP/wp-content/plugins/woocommerce/packages/action-scheduler/classes/ActionScheduler_QueueRunner.php(132): ActionScheduler_QueueRunner->do_batch(25, 'WP Cron')
#6 /Users/laurentbinder/Sites/www/2021_06_test_WP/wp-includes/class-wp-hook.php(292): ActionScheduler_QueueRunner->run('WP Cron')
#7 /Users/laurentbinder/Sites/www/2021_06_test_WP/wp-includes/class-wp-hook.php(316): WP_Hook->apply_filters('', Array)
#8 /Users/laurentbinder/Sites/www/2021_06_test_WP/wp-includes/plugin.php(551): WP_Hook->do_action(Array)
#9 /Users/laurentbinder/Sites/www/2021_06_test_WP/wp-cron.php(138): do_action_ref_array('action_schedule...', Array)
#10 {main}
  thrown dans /Users/laurentbinder/Sites/www/2021_06_test_WP/wp-includes/class-wp-hook.php à la ligne 292

2021-07-12T08:56:44+00:00 CRITICAL Uncaught Error: Unknown named parameter $tasks_meta_id in /Users/laurentbinder/Sites/www/2021_06_test_WP/wp-includes/class-wp-hook.php:292
Stack trace:
#0 /Users/laurentbinder/Sites/www/2021_06_test_WP/wp-includes/class-wp-hook.php(316): WP_Hook->apply_filters('', Array)
#1 /Users/laurentbinder/Sites/www/2021_06_test_WP/wp-includes/plugin.php(551): WP_Hook->do_action(Array)
#2 /Users/laurentbinder/Sites/www/2021_06_test_WP/wp-content/plugins/woocommerce/packages/action-scheduler/classes/actions/ActionScheduler_Action.php(22): do_action_ref_array('wpforms_email_s...', Array)
#3 /Users/laurentbinder/Sites/www/2021_06_test_WP/wp-content/plugins/woocommerce/packages/action-scheduler/classes/abstracts/ActionScheduler_Abstract_QueueRunner.php(65): ActionScheduler_Action->execute()
#4 /Users/laurentbinder/Sites/www/2021_06_test_WP/wp-content/plugins/woocommerce/packages/action-scheduler/classes/ActionScheduler_QueueRunner.php(162): ActionScheduler_Abstract_QueueRunner->process_action(1696, 'WP Cron')
#5 /Users/laurentbinder/Sites/www/2021_06_test_WP/wp-content/plugins/woocommerce/packages/action-scheduler/classes/ActionScheduler_QueueRunner.php(132): ActionScheduler_QueueRunner->do_batch(25, 'WP Cron')
#6 /Users/laurentbinder/Sites/www/2021_06_test_WP/wp-includes/class-wp-hook.php(292): ActionScheduler_QueueRunner->run('WP Cron')
#7 /Users/laurentbinder/Sites/www/2021_06_test_WP/wp-includes/class-wp-hook.php(316): WP_Hook->apply_filters('', Array)
#8 /Users/laurentbinder/Sites/www/2021_06_test_WP/wp-includes/plugin.php(551): WP_Hook->do_action(Array)
#9 /Users/laurentbinder/Sites/www/2021_06_test_WP/wp-cron.php(138): do_action_ref_array('action_schedule...', Array)
#10 {main}
  thrown dans /Users/laurentbinder/Sites/www/2021_06_test_WP/wp-includes/class-wp-hook.php à la ligne 292

2021-07-12T08:58:23+00:00 CRITICAL Uncaught Error: Unknown named parameter $tasks_meta_id in /Users/laurentbinder/Sites/www/2021_06_test_WP/wp-includes/class-wp-hook.php:292
Stack trace:
#0 /Users/laurentbinder/Sites/www/2021_06_test_WP/wp-includes/class-wp-hook.php(316): WP_Hook->apply_filters('', Array)
#1 /Users/laurentbinder/Sites/www/2021_06_test_WP/wp-includes/plugin.php(551): WP_Hook->do_action(Array)
#2 /Users/laurentbinder/Sites/www/2021_06_test_WP/wp-content/plugins/woocommerce/packages/action-scheduler/classes/actions/ActionScheduler_Action.php(22): do_action_ref_array('wpforms_email_s...', Array)
#3 /Users/laurentbinder/Sites/www/2021_06_test_WP/wp-content/plugins/woocommerce/packages/action-scheduler/classes/abstracts/ActionScheduler_Abstract_QueueRunner.php(65): ActionScheduler_Action->execute()
#4 /Users/laurentbinder/Sites/www/2021_06_test_WP/wp-content/plugins/woocommerce/packages/action-scheduler/classes/ActionScheduler_QueueRunner.php(162): ActionScheduler_Abstract_QueueRunner->process_action(1697, 'WP Cron')
#5 /Users/laurentbinder/Sites/www/2021_06_test_WP/wp-content/plugins/woocommerce/packages/action-scheduler/classes/ActionScheduler_QueueRunner.php(132): ActionScheduler_QueueRunner->do_batch(25, 'WP Cron')
#6 /Users/laurentbinder/Sites/www/2021_06_test_WP/wp-includes/class-wp-hook.php(292): ActionScheduler_QueueRunner->run('WP Cron')
#7 /Users/laurentbinder/Sites/www/2021_06_test_WP/wp-includes/class-wp-hook.php(316): WP_Hook->apply_filters('', Array)
#8 /Users/laurentbinder/Sites/www/2021_06_test_WP/wp-includes/plugin.php(551): WP_Hook->do_action(Array)
#9 /Users/laurentbinder/Sites/www/2021_06_test_WP/wp-cron.php(138): do_action_ref_array('action_schedule...', Array)
#10 {main}
  thrown dans /Users/laurentbinder/Sites/www/2021_06_test_WP/wp-includes/class-wp-hook.php à la ligne 292

2021-07-12T08:58:23+00:00 CRITICAL Uncaught Error: Unknown named parameter $tasks_meta_id in /Users/laurentbinder/Sites/www/2021_06_test_WP/wp-includes/class-wp-hook.php:292
Stack trace:
#0 /Users/laurentbinder/Sites/www/2021_06_test_WP/wp-includes/class-wp-hook.php(316): WP_Hook->apply_filters('', Array)
#1 /Users/laurentbinder/Sites/www/2021_06_test_WP/wp-includes/plugin.php(551): WP_Hook->do_action(Array)
#2 /Users/laurentbinder/Sites/www/2021_06_test_WP/wp-content/plugins/woocommerce/packages/action-scheduler/classes/actions/ActionScheduler_Action.php(22): do_action_ref_array('wpforms_admin_n...', Array)
#3 /Users/laurentbinder/Sites/www/2021_06_test_WP/wp-content/plugins/woocommerce/packages/action-scheduler/classes/abstracts/ActionScheduler_Abstract_QueueRunner.php(65): ActionScheduler_Action->execute()
#4 /Users/laurentbinder/Sites/www/2021_06_test_WP/wp-content/plugins/woocommerce/packages/action-scheduler/classes/ActionScheduler_QueueRunner.php(162): ActionScheduler_Abstract_QueueRunner->process_action(1698, 'Async Request')
#5 /Users/laurentbinder/Sites/www/2021_06_test_WP/wp-content/plugins/woocommerce/packages/action-scheduler/classes/ActionScheduler_QueueRunner.php(132): ActionScheduler_QueueRunner->do_batch(25, 'Async Request')
#6 /Users/laurentbinder/Sites/www/2021_06_test_WP/wp-includes/class-wp-hook.php(292): ActionScheduler_QueueRunner->run('Async Request')
#7 /Users/laurentbinder/Sites/www/2021_06_test_WP/wp-includes/class-wp-hook.php(316): WP_Hook->apply_filters('', Array)
#8 /Users/laurentbinder/Sites/www/2021_06_test_WP/wp-includes/plugin.php(484): WP_Hook->do_action(Array)
#9 /Users/laurentbinder/Sites/www/2021_06_test_WP/wp-content/plugins/woocommerce/packages/action-scheduler/classes/ActionScheduler_AsyncRequest_QueueRunner.php(52): do_action('action_schedule...', 'Async Request')
#10 /Users/laurentbinder/Sites/www/2021_06_test_WP/wp-content/plugins/woocommerce/includes/libraries/wp-async-request.php(147): ActionScheduler_AsyncRequest_QueueRunner->handle()
#11 /Users/laurentbinder/Sites/www/2021_06_test_WP/wp-includes/class-wp-hook.php(292): WP_Async_Request->maybe_handle('')
#12 /Users/laurentbinder/Sites/www/2021_06_test_WP/wp-includes/class-wp-hook.php(316): WP_Hook->apply_filters('', Array)
#13 /Users/laurentbinder/Sites/www/2021_06_test_WP/wp-includes/plugin.php(484): WP_Hook->do_action(Array)
#14 /Users/laurentbinder/Sites/www/2021_06_test_WP/wp-admin/admin-ajax.php(187): do_action('wp_ajax_as_asyn...')
#15 {main}
  thrown dans /Users/laurentbinder/Sites/www/2021_06_test_WP/wp-includes/class-wp-hook.php à la ligne 292

2021-07-12T09:00:23+00:00 CRITICAL Uncaught Error: Unknown named parameter $tasks_meta_id in /Users/laurentbinder/Sites/www/2021_06_test_WP/wp-includes/class-wp-hook.php:292
Stack trace:
#0 /Users/laurentbinder/Sites/www/2021_06_test_WP/wp-includes/class-wp-hook.php(316): WP_Hook->apply_filters('', Array)
#1 /Users/laurentbinder/Sites/www/2021_06_test_WP/wp-includes/plugin.php(551): WP_Hook->do_action(Array)
#2 /Users/laurentbinder/Sites/www/2021_06_test_WP/wp-content/plugins/woocommerce/packages/action-scheduler/classes/actions/ActionScheduler_Action.php(22): do_action_ref_array('wpforms_email_s...', Array)
#3 /Users/laurentbinder/Sites/www/2021_06_test_WP/wp-content/plugins/woocommerce/packages/action-scheduler/classes/abstracts/ActionScheduler_Abstract_QueueRunner.php(65): ActionScheduler_Action->execute()
#4 /Users/laurentbinder/Sites/www/2021_06_test_WP/wp-content/plugins/woocommerce/packages/action-scheduler/classes/ActionScheduler_QueueRunner.php(162): ActionScheduler_Abstract_QueueRunner->process_action(1699, 'WP Cron')
#5 /Users/laurentbinder/Sites/www/2021_06_test_WP/wp-content/plugins/woocommerce/packages/action-scheduler/classes/ActionScheduler_QueueRunner.php(132): ActionScheduler_QueueRunner->do_batch(25, 'WP Cron')
#6 /Users/laurentbinder/Sites/www/2021_06_test_WP/wp-includes/class-wp-hook.php(292): ActionScheduler_QueueRunner->run('WP Cron')
#7 /Users/laurentbinder/Sites/www/2021_06_test_WP/wp-includes/class-wp-hook.php(316): WP_Hook->apply_filters('', Array)
#8 /Users/laurentbinder/Sites/www/2021_06_test_WP/wp-includes/plugin.php(551): WP_Hook->do_action(Array)
#9 /Users/laurentbinder/Sites/www/2021_06_test_WP/wp-cron.php(138): do_action_ref_array('action_schedule...', Array)
#10 {main}
  thrown dans /Users/laurentbinder/Sites/www/2021_06_test_WP/wp-includes/class-wp-hook.php à la ligne 292

2021-07-12T09:02:24+00:00 CRITICAL Uncaught Error: Unknown named parameter $tasks_meta_id in /Users/laurentbinder/Sites/www/2021_06_test_WP/wp-includes/class-wp-hook.php:292
Stack trace:
#0 /Users/laurentbinder/Sites/www/2021_06_test_WP/wp-includes/class-wp-hook.php(316): WP_Hook->apply_filters('', Array)
#1 /Users/laurentbinder/Sites/www/2021_06_test_WP/wp-includes/plugin.php(551): WP_Hook->do_action(Array)
#2 /Users/laurentbinder/Sites/www/2021_06_test_WP/wp-content/plugins/woocommerce/packages/action-scheduler/classes/actions/ActionScheduler_Action.php(22): do_action_ref_array('wpforms_email_s...', Array)
#3 /Users/laurentbinder/Sites/www/2021_06_test_WP/wp-content/plugins/woocommerce/packages/action-scheduler/classes/abstracts/ActionScheduler_Abstract_QueueRunner.php(65): ActionScheduler_Action->execute()
#4 /Users/laurentbinder/Sites/www/2021_06_test_WP/wp-content/plugins/woocommerce/packages/action-scheduler/classes/ActionScheduler_QueueRunner.php(162): ActionScheduler_Abstract_QueueRunner->process_action(1700, 'WP Cron')
#5 /Users/laurentbinder/Sites/www/2021_06_test_WP/wp-content/plugins/woocommerce/packages/action-scheduler/classes/ActionScheduler_QueueRunner.php(132): ActionScheduler_QueueRunner->do_batch(25, 'WP Cron')
#6 /Users/laurentbinder/Sites/www/2021_06_test_WP/wp-includes/class-wp-hook.php(292): ActionScheduler_QueueRunner->run('WP Cron')
#7 /Users/laurentbinder/Sites/www/2021_06_test_WP/wp-includes/class-wp-hook.php(316): WP_Hook->apply_filters('', Array)
#8 /Users/laurentbinder/Sites/www/2021_06_test_WP/wp-includes/plugin.php(551): WP_Hook->do_action(Array)
#9 /Users/laurentbinder/Sites/www/2021_06_test_WP/wp-cron.php(138): do_action_ref_array('action_schedule...', Array)
#10 {main}
  thrown dans /Users/laurentbinder/Sites/www/2021_06_test_WP/wp-includes/class-wp-hook.php à la ligne 292

2021-07-12T09:02:24+00:00 CRITICAL Uncaught Error: Unknown named parameter $tasks_meta_id in /Users/laurentbinder/Sites/www/2021_06_test_WP/wp-includes/class-wp-hook.php:292
Stack trace:
#0 /Users/laurentbinder/Sites/www/2021_06_test_WP/wp-includes/class-wp-hook.php(316): WP_Hook->apply_filters('', Array)
#1 /Users/laurentbinder/Sites/www/2021_06_test_WP/wp-includes/plugin.php(551): WP_Hook->do_action(Array)
#2 /Users/laurentbinder/Sites/www/2021_06_test_WP/wp-content/plugins/woocommerce/packages/action-scheduler/classes/actions/ActionScheduler_Action.php(22): do_action_ref_array('wpforms_email_s...', Array)
#3 /Users/laurentbinder/Sites/www/2021_06_test_WP/wp-content/plugins/woocommerce/packages/action-scheduler/classes/abstracts/ActionScheduler_Abstract_QueueRunner.php(65): ActionScheduler_Action->execute()
#4 /Users/laurentbinder/Sites/www/2021_06_test_WP/wp-content/plugins/woocommerce/packages/action-scheduler/classes/ActionScheduler_QueueRunner.php(162): ActionScheduler_Abstract_QueueRunner->process_action(1702, 'Async Request')
#5 /Users/laurentbinder/Sites/www/2021_06_test_WP/wp-content/plugins/woocommerce/packages/action-scheduler/classes/ActionScheduler_QueueRunner.php(132): ActionScheduler_QueueRunner->do_batch(25, 'Async Request')
#6 /Users/laurentbinder/Sites/www/2021_06_test_WP/wp-includes/class-wp-hook.php(292): ActionScheduler_QueueRunner->run('Async Request')
#7 /Users/laurentbinder/Sites/www/2021_06_test_WP/wp-includes/class-wp-hook.php(316): WP_Hook->apply_filters('', Array)
#8 /Users/laurentbinder/Sites/www/2021_06_test_WP/wp-includes/plugin.php(484): WP_Hook->do_action(Array)
#9 /Users/laurentbinder/Sites/www/2021_06_test_WP/wp-content/plugins/woocommerce/packages/action-scheduler/classes/ActionScheduler_AsyncRequest_QueueRunner.php(52): do_action('action_schedule...', 'Async Request')
#10 /Users/laurentbinder/Sites/www/2021_06_test_WP/wp-content/plugins/woocommerce/includes/libraries/wp-async-request.php(147): ActionScheduler_AsyncRequest_QueueRunner->handle()
#11 /Users/laurentbinder/Sites/www/2021_06_test_WP/wp-includes/class-wp-hook.php(292): WP_Async_Request->maybe_handle('')
#12 /Users/laurentbinder/Sites/www/2021_06_test_WP/wp-includes/class-wp-hook.php(316): WP_Hook->apply_filters('', Array)
#13 /Users/laurentbinder/Sites/www/2021_06_test_WP/wp-includes/plugin.php(484): WP_Hook->do_action(Array)
#14 /Users/laurentbinder/Sites/www/2021_06_test_WP/wp-admin/admin-ajax.php(187): do_action('wp_ajax_as_asyn...')
#15 {main}
  thrown dans /Users/laurentbinder/Sites/www/2021_06_test_WP/wp-includes/class-wp-hook.php à la ligne 292

