2021-07-01T08:21:04+00:00 CRITICAL Uncaught Error: Unknown named parameter $tasks_meta_id in /Users/laurentbinder/Sites/www/2021_06_test_WP/wp-includes/class-wp-hook.php:292
Stack trace:
#0 /Users/laurentbinder/Sites/www/2021_06_test_WP/wp-includes/class-wp-hook.php(316): WP_Hook->apply_filters('', Array)
#1 /Users/laurentbinder/Sites/www/2021_06_test_WP/wp-includes/plugin.php(551): WP_Hook->do_action(Array)
#2 /Users/laurentbinder/Sites/www/2021_06_test_WP/wp-content/plugins/woocommerce/packages/action-scheduler/classes/actions/ActionScheduler_Action.php(22): do_action_ref_array('wpforms_process...', Array)
#3 /Users/laurentbinder/Sites/www/2021_06_test_WP/wp-content/plugins/woocommerce/packages/action-scheduler/classes/abstracts/ActionScheduler_Abstract_QueueRunner.php(65): ActionScheduler_Action->execute()
#4 /Users/laurentbinder/Sites/www/2021_06_test_WP/wp-content/plugins/woocommerce/packages/action-scheduler/classes/ActionScheduler_QueueRunner.php(162): ActionScheduler_Abstract_QueueRunner->process_action(796, 'WP Cron')
#5 /Users/laurentbinder/Sites/www/2021_06_test_WP/wp-content/plugins/woocommerce/packages/action-scheduler/classes/ActionScheduler_QueueRunner.php(132): ActionScheduler_QueueRunner->do_batch(25, 'WP Cron')
#6 /Users/laurentbinder/Sites/www/2021_06_test_WP/wp-includes/class-wp-hook.php(292): ActionScheduler_QueueRunner->run('WP Cron')
#7 /Users/laurentbinder/Sites/www/2021_06_test_WP/wp-includes/class-wp-hook.php(316): WP_Hook->apply_filters('', Array)
#8 /Users/laurentbinder/Sites/www/2021_06_test_WP/wp-includes/plugin.php(551): WP_Hook->do_action(Array)
#9 /Users/laurentbinder/Sites/www/2021_06_test_WP/wp-cron.php(138): do_action_ref_array('action_schedule...', Array)
#10 {main}
  thrown dans /Users/laurentbinder/Sites/www/2021_06_test_WP/wp-includes/class-wp-hook.php à la ligne 292

2021-07-01T08:21:05+00:00 CRITICAL Uncaught Error: Unknown named parameter $tasks_meta_id in /Users/laurentbinder/Sites/www/2021_06_test_WP/wp-includes/class-wp-hook.php:292
Stack trace:
#0 /Users/laurentbinder/Sites/www/2021_06_test_WP/wp-includes/class-wp-hook.php(316): WP_Hook->apply_filters('', Array)
#1 /Users/laurentbinder/Sites/www/2021_06_test_WP/wp-includes/plugin.php(551): WP_Hook->do_action(Array)
#2 /Users/laurentbinder/Sites/www/2021_06_test_WP/wp-content/plugins/woocommerce/packages/action-scheduler/classes/actions/ActionScheduler_Action.php(22): do_action_ref_array('wpforms_email_s...', Array)
#3 /Users/laurentbinder/Sites/www/2021_06_test_WP/wp-content/plugins/woocommerce/packages/action-scheduler/classes/abstracts/ActionScheduler_Abstract_QueueRunner.php(65): ActionScheduler_Action->execute()
#4 /Users/laurentbinder/Sites/www/2021_06_test_WP/wp-content/plugins/woocommerce/packages/action-scheduler/classes/ActionScheduler_QueueRunner.php(162): ActionScheduler_Abstract_QueueRunner->process_action(822, 'Async Request')
#5 /Users/laurentbinder/Sites/www/2021_06_test_WP/wp-content/plugins/woocommerce/packages/action-scheduler/classes/ActionScheduler_QueueRunner.php(132): ActionScheduler_QueueRunner->do_batch(25, 'Async Request')
#6 /Users/laurentbinder/Sites/www/2021_06_test_WP/wp-includes/class-wp-hook.php(292): ActionScheduler_QueueRunner->run('Async Request')
#7 /Users/laurentbinder/Sites/www/2021_06_test_WP/wp-includes/class-wp-hook.php(316): WP_Hook->apply_filters('', Array)
#8 /Users/laurentbinder/Sites/www/2021_06_test_WP/wp-includes/plugin.php(484): WP_Hook->do_action(Array)
#9 /Users/laurentbinder/Sites/www/2021_06_test_WP/wp-content/plugins/woocommerce/packages/action-scheduler/classes/ActionScheduler_AsyncRequest_QueueRunner.php(52): do_action('action_schedule...', 'Async Request')
#10 /Users/laurentbinder/Sites/www/2021_06_test_WP/wp-content/plugins/woocommerce/includes/libraries/wp-async-request.php(147): ActionScheduler_AsyncRequest_QueueRunner->handle()
#11 /Users/laurentbinder/Sites/www/2021_06_test_WP/wp-includes/class-wp-hook.php(292): WP_Async_Request->maybe_handle('')
#12 /Users/laurentbinder/Sites/www/2021_06_test_WP/wp-includes/class-wp-hook.php(316): WP_Hook->apply_filters('', Array)
#13 /Users/laurentbinder/Sites/www/2021_06_test_WP/wp-includes/plugin.php(484): WP_Hook->do_action(Array)
#14 /Users/laurentbinder/Sites/www/2021_06_test_WP/wp-admin/admin-ajax.php(202): do_action('wp_ajax_nopriv_...')
#15 {main}
  thrown dans /Users/laurentbinder/Sites/www/2021_06_test_WP/wp-includes/class-wp-hook.php à la ligne 292

2021-07-01T08:29:28+00:00 CRITICAL Uncaught Error: Unknown named parameter $tasks_meta_id in /Users/laurentbinder/Sites/www/2021_06_test_WP/wp-includes/class-wp-hook.php:292
Stack trace:
#0 /Users/laurentbinder/Sites/www/2021_06_test_WP/wp-includes/class-wp-hook.php(316): WP_Hook->apply_filters('', Array)
#1 /Users/laurentbinder/Sites/www/2021_06_test_WP/wp-includes/plugin.php(551): WP_Hook->do_action(Array)
#2 /Users/laurentbinder/Sites/www/2021_06_test_WP/wp-content/plugins/woocommerce/packages/action-scheduler/classes/actions/ActionScheduler_Action.php(22): do_action_ref_array('wpforms_admin_n...', Array)
#3 /Users/laurentbinder/Sites/www/2021_06_test_WP/wp-content/plugins/woocommerce/packages/action-scheduler/classes/abstracts/ActionScheduler_Abstract_QueueRunner.php(65): ActionScheduler_Action->execute()
#4 /Users/laurentbinder/Sites/www/2021_06_test_WP/wp-content/plugins/woocommerce/packages/action-scheduler/classes/ActionScheduler_QueueRunner.php(162): ActionScheduler_Abstract_QueueRunner->process_action(847, 'WP Cron')
#5 /Users/laurentbinder/Sites/www/2021_06_test_WP/wp-content/plugins/woocommerce/packages/action-scheduler/classes/ActionScheduler_QueueRunner.php(132): ActionScheduler_QueueRunner->do_batch(25, 'WP Cron')
#6 /Users/laurentbinder/Sites/www/2021_06_test_WP/wp-includes/class-wp-hook.php(292): ActionScheduler_QueueRunner->run('WP Cron')
#7 /Users/laurentbinder/Sites/www/2021_06_test_WP/wp-includes/class-wp-hook.php(316): WP_Hook->apply_filters('', Array)
#8 /Users/laurentbinder/Sites/www/2021_06_test_WP/wp-includes/plugin.php(551): WP_Hook->do_action(Array)
#9 /Users/laurentbinder/Sites/www/2021_06_test_WP/wp-cron.php(138): do_action_ref_array('action_schedule...', Array)
#10 {main}
  thrown dans /Users/laurentbinder/Sites/www/2021_06_test_WP/wp-includes/class-wp-hook.php à la ligne 292

2021-07-01T08:31:38+00:00 CRITICAL Uncaught Error: Unknown named parameter $tasks_meta_id in /Users/laurentbinder/Sites/www/2021_06_test_WP/wp-includes/class-wp-hook.php:292
Stack trace:
#0 /Users/laurentbinder/Sites/www/2021_06_test_WP/wp-includes/class-wp-hook.php(316): WP_Hook->apply_filters('', Array)
#1 /Users/laurentbinder/Sites/www/2021_06_test_WP/wp-includes/plugin.php(551): WP_Hook->do_action(Array)
#2 /Users/laurentbinder/Sites/www/2021_06_test_WP/wp-content/plugins/woocommerce/packages/action-scheduler/classes/actions/ActionScheduler_Action.php(22): do_action_ref_array('wpforms_admin_n...', Array)
#3 /Users/laurentbinder/Sites/www/2021_06_test_WP/wp-content/plugins/woocommerce/packages/action-scheduler/classes/abstracts/ActionScheduler_Abstract_QueueRunner.php(65): ActionScheduler_Action->execute()
#4 /Users/laurentbinder/Sites/www/2021_06_test_WP/wp-content/plugins/woocommerce/packages/action-scheduler/classes/ActionScheduler_QueueRunner.php(162): ActionScheduler_Abstract_QueueRunner->process_action(848, 'WP Cron')
#5 /Users/laurentbinder/Sites/www/2021_06_test_WP/wp-content/plugins/woocommerce/packages/action-scheduler/classes/ActionScheduler_QueueRunner.php(132): ActionScheduler_QueueRunner->do_batch(25, 'WP Cron')
#6 /Users/laurentbinder/Sites/www/2021_06_test_WP/wp-includes/class-wp-hook.php(292): ActionScheduler_QueueRunner->run('WP Cron')
#7 /Users/laurentbinder/Sites/www/2021_06_test_WP/wp-includes/class-wp-hook.php(316): WP_Hook->apply_filters('', Array)
#8 /Users/laurentbinder/Sites/www/2021_06_test_WP/wp-includes/plugin.php(551): WP_Hook->do_action(Array)
#9 /Users/laurentbinder/Sites/www/2021_06_test_WP/wp-cron.php(138): do_action_ref_array('action_schedule...', Array)
#10 {main}
  thrown dans /Users/laurentbinder/Sites/www/2021_06_test_WP/wp-includes/class-wp-hook.php à la ligne 292

2021-07-01T10:46:10+00:00 CRITICAL Uncaught Error: Unknown named parameter $tasks_meta_id in /Users/laurentbinder/Sites/www/2021_06_test_WP/wp-includes/class-wp-hook.php:292
Stack trace:
#0 /Users/laurentbinder/Sites/www/2021_06_test_WP/wp-includes/class-wp-hook.php(316): WP_Hook->apply_filters('', Array)
#1 /Users/laurentbinder/Sites/www/2021_06_test_WP/wp-includes/plugin.php(551): WP_Hook->do_action(Array)
#2 /Users/laurentbinder/Sites/www/2021_06_test_WP/wp-content/plugins/woocommerce/packages/action-scheduler/classes/actions/ActionScheduler_Action.php(22): do_action_ref_array('wpforms_admin_n...', Array)
#3 /Users/laurentbinder/Sites/www/2021_06_test_WP/wp-content/plugins/woocommerce/packages/action-scheduler/classes/abstracts/ActionScheduler_Abstract_QueueRunner.php(65): ActionScheduler_Action->execute()
#4 /Users/laurentbinder/Sites/www/2021_06_test_WP/wp-content/plugins/woocommerce/packages/action-scheduler/classes/ActionScheduler_QueueRunner.php(162): ActionScheduler_Abstract_QueueRunner->process_action(850, 'WP Cron')
#5 /Users/laurentbinder/Sites/www/2021_06_test_WP/wp-content/plugins/woocommerce/packages/action-scheduler/classes/ActionScheduler_QueueRunner.php(132): ActionScheduler_QueueRunner->do_batch(25, 'WP Cron')
#6 /Users/laurentbinder/Sites/www/2021_06_test_WP/wp-includes/class-wp-hook.php(292): ActionScheduler_QueueRunner->run('WP Cron')
#7 /Users/laurentbinder/Sites/www/2021_06_test_WP/wp-includes/class-wp-hook.php(316): WP_Hook->apply_filters('', Array)
#8 /Users/laurentbinder/Sites/www/2021_06_test_WP/wp-includes/plugin.php(551): WP_Hook->do_action(Array)
#9 /Users/laurentbinder/Sites/www/2021_06_test_WP/wp-cron.php(138): do_action_ref_array('action_schedule...', Array)
#10 {main}
  thrown dans /Users/laurentbinder/Sites/www/2021_06_test_WP/wp-includes/class-wp-hook.php à la ligne 292

2021-07-01T10:52:49+00:00 CRITICAL Uncaught Error: Unknown named parameter $tasks_meta_id in /Users/laurentbinder/Sites/www/2021_06_test_WP/wp-includes/class-wp-hook.php:292
Stack trace:
#0 /Users/laurentbinder/Sites/www/2021_06_test_WP/wp-includes/class-wp-hook.php(316): WP_Hook->apply_filters('', Array)
#1 /Users/laurentbinder/Sites/www/2021_06_test_WP/wp-includes/plugin.php(551): WP_Hook->do_action(Array)
#2 /Users/laurentbinder/Sites/www/2021_06_test_WP/wp-content/plugins/woocommerce/packages/action-scheduler/classes/actions/ActionScheduler_Action.php(22): do_action_ref_array('wpforms_admin_n...', Array)
#3 /Users/laurentbinder/Sites/www/2021_06_test_WP/wp-content/plugins/woocommerce/packages/action-scheduler/classes/abstracts/ActionScheduler_Abstract_QueueRunner.php(65): ActionScheduler_Action->execute()
#4 /Users/laurentbinder/Sites/www/2021_06_test_WP/wp-content/plugins/woocommerce/packages/action-scheduler/classes/ActionScheduler_QueueRunner.php(162): ActionScheduler_Abstract_QueueRunner->process_action(851, 'Async Request')
#5 /Users/laurentbinder/Sites/www/2021_06_test_WP/wp-content/plugins/woocommerce/packages/action-scheduler/classes/ActionScheduler_QueueRunner.php(132): ActionScheduler_QueueRunner->do_batch(25, 'Async Request')
#6 /Users/laurentbinder/Sites/www/2021_06_test_WP/wp-includes/class-wp-hook.php(292): ActionScheduler_QueueRunner->run('Async Request')
#7 /Users/laurentbinder/Sites/www/2021_06_test_WP/wp-includes/class-wp-hook.php(316): WP_Hook->apply_filters('', Array)
#8 /Users/laurentbinder/Sites/www/2021_06_test_WP/wp-includes/plugin.php(484): WP_Hook->do_action(Array)
#9 /Users/laurentbinder/Sites/www/2021_06_test_WP/wp-content/plugins/woocommerce/packages/action-scheduler/classes/ActionScheduler_AsyncRequest_QueueRunner.php(52): do_action('action_schedule...', 'Async Request')
#10 /Users/laurentbinder/Sites/www/2021_06_test_WP/wp-content/plugins/woocommerce/includes/libraries/wp-async-request.php(147): ActionScheduler_AsyncRequest_QueueRunner->handle()
#11 /Users/laurentbinder/Sites/www/2021_06_test_WP/wp-includes/class-wp-hook.php(292): WP_Async_Request->maybe_handle('')
#12 /Users/laurentbinder/Sites/www/2021_06_test_WP/wp-includes/class-wp-hook.php(316): WP_Hook->apply_filters('', Array)
#13 /Users/laurentbinder/Sites/www/2021_06_test_WP/wp-includes/plugin.php(484): WP_Hook->do_action(Array)
#14 /Users/laurentbinder/Sites/www/2021_06_test_WP/wp-admin/admin-ajax.php(187): do_action('wp_ajax_as_asyn...')
#15 {main}
  thrown dans /Users/laurentbinder/Sites/www/2021_06_test_WP/wp-includes/class-wp-hook.php à la ligne 292

2021-07-01T10:53:32+00:00 CRITICAL Uncaught Error: Unknown named parameter $tasks_meta_id in /Users/laurentbinder/Sites/www/2021_06_test_WP/wp-includes/class-wp-hook.php:292
Stack trace:
#0 /Users/laurentbinder/Sites/www/2021_06_test_WP/wp-includes/class-wp-hook.php(316): WP_Hook->apply_filters('', Array)
#1 /Users/laurentbinder/Sites/www/2021_06_test_WP/wp-includes/plugin.php(551): WP_Hook->do_action(Array)
#2 /Users/laurentbinder/Sites/www/2021_06_test_WP/wp-content/plugins/woocommerce/packages/action-scheduler/classes/actions/ActionScheduler_Action.php(22): do_action_ref_array('wpforms_admin_n...', Array)
#3 /Users/laurentbinder/Sites/www/2021_06_test_WP/wp-content/plugins/woocommerce/packages/action-scheduler/classes/abstracts/ActionScheduler_Abstract_QueueRunner.php(65): ActionScheduler_Action->execute()
#4 /Users/laurentbinder/Sites/www/2021_06_test_WP/wp-content/plugins/woocommerce/packages/action-scheduler/classes/ActionScheduler_QueueRunner.php(162): ActionScheduler_Abstract_QueueRunner->process_action(852, 'WP Cron')
#5 /Users/laurentbinder/Sites/www/2021_06_test_WP/wp-content/plugins/woocommerce/packages/action-scheduler/classes/ActionScheduler_QueueRunner.php(132): ActionScheduler_QueueRunner->do_batch(25, 'WP Cron')
#6 /Users/laurentbinder/Sites/www/2021_06_test_WP/wp-includes/class-wp-hook.php(292): ActionScheduler_QueueRunner->run('WP Cron')
#7 /Users/laurentbinder/Sites/www/2021_06_test_WP/wp-includes/class-wp-hook.php(316): WP_Hook->apply_filters('', Array)
#8 /Users/laurentbinder/Sites/www/2021_06_test_WP/wp-includes/plugin.php(551): WP_Hook->do_action(Array)
#9 /Users/laurentbinder/Sites/www/2021_06_test_WP/wp-cron.php(138): do_action_ref_array('action_schedule...', Array)
#10 {main}
  thrown dans /Users/laurentbinder/Sites/www/2021_06_test_WP/wp-includes/class-wp-hook.php à la ligne 292

2021-07-01T10:54:02+00:00 CRITICAL Uncaught Error: Unknown named parameter $tasks_meta_id in /Users/laurentbinder/Sites/www/2021_06_test_WP/wp-includes/class-wp-hook.php:292
Stack trace:
#0 /Users/laurentbinder/Sites/www/2021_06_test_WP/wp-includes/class-wp-hook.php(316): WP_Hook->apply_filters('', Array)
#1 /Users/laurentbinder/Sites/www/2021_06_test_WP/wp-includes/plugin.php(551): WP_Hook->do_action(Array)
#2 /Users/laurentbinder/Sites/www/2021_06_test_WP/wp-content/plugins/woocommerce/packages/action-scheduler/classes/actions/ActionScheduler_Action.php(22): do_action_ref_array('wpforms_admin_n...', Array)
#3 /Users/laurentbinder/Sites/www/2021_06_test_WP/wp-content/plugins/woocommerce/packages/action-scheduler/classes/abstracts/ActionScheduler_Abstract_QueueRunner.php(65): ActionScheduler_Action->execute()
#4 /Users/laurentbinder/Sites/www/2021_06_test_WP/wp-content/plugins/woocommerce/packages/action-scheduler/classes/ActionScheduler_QueueRunner.php(162): ActionScheduler_Abstract_QueueRunner->process_action(853, 'Async Request')
#5 /Users/laurentbinder/Sites/www/2021_06_test_WP/wp-content/plugins/woocommerce/packages/action-scheduler/classes/ActionScheduler_QueueRunner.php(132): ActionScheduler_QueueRunner->do_batch(25, 'Async Request')
#6 /Users/laurentbinder/Sites/www/2021_06_test_WP/wp-includes/class-wp-hook.php(292): ActionScheduler_QueueRunner->run('Async Request')
#7 /Users/laurentbinder/Sites/www/2021_06_test_WP/wp-includes/class-wp-hook.php(316): WP_Hook->apply_filters('', Array)
#8 /Users/laurentbinder/Sites/www/2021_06_test_WP/wp-includes/plugin.php(484): WP_Hook->do_action(Array)
#9 /Users/laurentbinder/Sites/www/2021_06_test_WP/wp-content/plugins/woocommerce/packages/action-scheduler/classes/ActionScheduler_AsyncRequest_QueueRunner.php(52): do_action('action_schedule...', 'Async Request')
#10 /Users/laurentbinder/Sites/www/2021_06_test_WP/wp-content/plugins/woocommerce/includes/libraries/wp-async-request.php(147): ActionScheduler_AsyncRequest_QueueRunner->handle()
#11 /Users/laurentbinder/Sites/www/2021_06_test_WP/wp-includes/class-wp-hook.php(292): WP_Async_Request->maybe_handle('')
#12 /Users/laurentbinder/Sites/www/2021_06_test_WP/wp-includes/class-wp-hook.php(316): WP_Hook->apply_filters('', Array)
#13 /Users/laurentbinder/Sites/www/2021_06_test_WP/wp-includes/plugin.php(484): WP_Hook->do_action(Array)
#14 /Users/laurentbinder/Sites/www/2021_06_test_WP/wp-admin/admin-ajax.php(187): do_action('wp_ajax_as_asyn...')
#15 {main}
  thrown dans /Users/laurentbinder/Sites/www/2021_06_test_WP/wp-includes/class-wp-hook.php à la ligne 292

2021-07-01T10:55:04+00:00 CRITICAL Uncaught Error: Unknown named parameter $tasks_meta_id in /Users/laurentbinder/Sites/www/2021_06_test_WP/wp-includes/class-wp-hook.php:292
Stack trace:
#0 /Users/laurentbinder/Sites/www/2021_06_test_WP/wp-includes/class-wp-hook.php(316): WP_Hook->apply_filters('', Array)
#1 /Users/laurentbinder/Sites/www/2021_06_test_WP/wp-includes/plugin.php(551): WP_Hook->do_action(Array)
#2 /Users/laurentbinder/Sites/www/2021_06_test_WP/wp-content/plugins/woocommerce/packages/action-scheduler/classes/actions/ActionScheduler_Action.php(22): do_action_ref_array('wpforms_admin_n...', Array)
#3 /Users/laurentbinder/Sites/www/2021_06_test_WP/wp-content/plugins/woocommerce/packages/action-scheduler/classes/abstracts/ActionScheduler_Abstract_QueueRunner.php(65): ActionScheduler_Action->execute()
#4 /Users/laurentbinder/Sites/www/2021_06_test_WP/wp-content/plugins/woocommerce/packages/action-scheduler/classes/ActionScheduler_QueueRunner.php(162): ActionScheduler_Abstract_QueueRunner->process_action(854, 'WP Cron')
#5 /Users/laurentbinder/Sites/www/2021_06_test_WP/wp-content/plugins/woocommerce/packages/action-scheduler/classes/ActionScheduler_QueueRunner.php(132): ActionScheduler_QueueRunner->do_batch(25, 'WP Cron')
#6 /Users/laurentbinder/Sites/www/2021_06_test_WP/wp-includes/class-wp-hook.php(292): ActionScheduler_QueueRunner->run('WP Cron')
#7 /Users/laurentbinder/Sites/www/2021_06_test_WP/wp-includes/class-wp-hook.php(316): WP_Hook->apply_filters('', Array)
#8 /Users/laurentbinder/Sites/www/2021_06_test_WP/wp-includes/plugin.php(551): WP_Hook->do_action(Array)
#9 /Users/laurentbinder/Sites/www/2021_06_test_WP/wp-cron.php(138): do_action_ref_array('action_schedule...', Array)
#10 {main}
  thrown dans /Users/laurentbinder/Sites/www/2021_06_test_WP/wp-includes/class-wp-hook.php à la ligne 292

2021-07-01T10:56:04+00:00 CRITICAL Uncaught Error: Unknown named parameter $tasks_meta_id in /Users/laurentbinder/Sites/www/2021_06_test_WP/wp-includes/class-wp-hook.php:292
Stack trace:
#0 /Users/laurentbinder/Sites/www/2021_06_test_WP/wp-includes/class-wp-hook.php(316): WP_Hook->apply_filters('', Array)
#1 /Users/laurentbinder/Sites/www/2021_06_test_WP/wp-includes/plugin.php(551): WP_Hook->do_action(Array)
#2 /Users/laurentbinder/Sites/www/2021_06_test_WP/wp-content/plugins/woocommerce/packages/action-scheduler/classes/actions/ActionScheduler_Action.php(22): do_action_ref_array('wpforms_admin_n...', Array)
#3 /Users/laurentbinder/Sites/www/2021_06_test_WP/wp-content/plugins/woocommerce/packages/action-scheduler/classes/abstracts/ActionScheduler_Abstract_QueueRunner.php(65): ActionScheduler_Action->execute()
#4 /Users/laurentbinder/Sites/www/2021_06_test_WP/wp-content/plugins/woocommerce/packages/action-scheduler/classes/ActionScheduler_QueueRunner.php(162): ActionScheduler_Abstract_QueueRunner->process_action(855, 'WP Cron')
#5 /Users/laurentbinder/Sites/www/2021_06_test_WP/wp-content/plugins/woocommerce/packages/action-scheduler/classes/ActionScheduler_QueueRunner.php(132): ActionScheduler_QueueRunner->do_batch(25, 'WP Cron')
#6 /Users/laurentbinder/Sites/www/2021_06_test_WP/wp-includes/class-wp-hook.php(292): ActionScheduler_QueueRunner->run('WP Cron')
#7 /Users/laurentbinder/Sites/www/2021_06_test_WP/wp-includes/class-wp-hook.php(316): WP_Hook->apply_filters('', Array)
#8 /Users/laurentbinder/Sites/www/2021_06_test_WP/wp-includes/plugin.php(551): WP_Hook->do_action(Array)
#9 /Users/laurentbinder/Sites/www/2021_06_test_WP/wp-cron.php(138): do_action_ref_array('action_schedule...', Array)
#10 {main}
  thrown dans /Users/laurentbinder/Sites/www/2021_06_test_WP/wp-includes/class-wp-hook.php à la ligne 292

2021-07-01T10:56:17+00:00 CRITICAL Uncaught Error: Unknown named parameter $tasks_meta_id in /Users/laurentbinder/Sites/www/2021_06_test_WP/wp-includes/class-wp-hook.php:292
Stack trace:
#0 /Users/laurentbinder/Sites/www/2021_06_test_WP/wp-includes/class-wp-hook.php(316): WP_Hook->apply_filters('', Array)
#1 /Users/laurentbinder/Sites/www/2021_06_test_WP/wp-includes/plugin.php(551): WP_Hook->do_action(Array)
#2 /Users/laurentbinder/Sites/www/2021_06_test_WP/wp-content/plugins/woocommerce/packages/action-scheduler/classes/actions/ActionScheduler_Action.php(22): do_action_ref_array('wpforms_admin_n...', Array)
#3 /Users/laurentbinder/Sites/www/2021_06_test_WP/wp-content/plugins/woocommerce/packages/action-scheduler/classes/abstracts/ActionScheduler_Abstract_QueueRunner.php(65): ActionScheduler_Action->execute()
#4 /Users/laurentbinder/Sites/www/2021_06_test_WP/wp-content/plugins/woocommerce/packages/action-scheduler/classes/ActionScheduler_QueueRunner.php(162): ActionScheduler_Abstract_QueueRunner->process_action(856, 'Async Request')
#5 /Users/laurentbinder/Sites/www/2021_06_test_WP/wp-content/plugins/woocommerce/packages/action-scheduler/classes/ActionScheduler_QueueRunner.php(132): ActionScheduler_QueueRunner->do_batch(25, 'Async Request')
#6 /Users/laurentbinder/Sites/www/2021_06_test_WP/wp-includes/class-wp-hook.php(292): ActionScheduler_QueueRunner->run('Async Request')
#7 /Users/laurentbinder/Sites/www/2021_06_test_WP/wp-includes/class-wp-hook.php(316): WP_Hook->apply_filters('', Array)
#8 /Users/laurentbinder/Sites/www/2021_06_test_WP/wp-includes/plugin.php(484): WP_Hook->do_action(Array)
#9 /Users/laurentbinder/Sites/www/2021_06_test_WP/wp-content/plugins/woocommerce/packages/action-scheduler/classes/ActionScheduler_AsyncRequest_QueueRunner.php(52): do_action('action_schedule...', 'Async Request')
#10 /Users/laurentbinder/Sites/www/2021_06_test_WP/wp-content/plugins/woocommerce/includes/libraries/wp-async-request.php(147): ActionScheduler_AsyncRequest_QueueRunner->handle()
#11 /Users/laurentbinder/Sites/www/2021_06_test_WP/wp-includes/class-wp-hook.php(292): WP_Async_Request->maybe_handle('')
#12 /Users/laurentbinder/Sites/www/2021_06_test_WP/wp-includes/class-wp-hook.php(316): WP_Hook->apply_filters('', Array)
#13 /Users/laurentbinder/Sites/www/2021_06_test_WP/wp-includes/plugin.php(484): WP_Hook->do_action(Array)
#14 /Users/laurentbinder/Sites/www/2021_06_test_WP/wp-admin/admin-ajax.php(187): do_action('wp_ajax_as_asyn...')
#15 {main}
  thrown dans /Users/laurentbinder/Sites/www/2021_06_test_WP/wp-includes/class-wp-hook.php à la ligne 292

2021-07-01T10:58:27+00:00 CRITICAL Uncaught Error: Unknown named parameter $tasks_meta_id in /Users/laurentbinder/Sites/www/2021_06_test_WP/wp-includes/class-wp-hook.php:292
Stack trace:
#0 /Users/laurentbinder/Sites/www/2021_06_test_WP/wp-includes/class-wp-hook.php(316): WP_Hook->apply_filters('', Array)
#1 /Users/laurentbinder/Sites/www/2021_06_test_WP/wp-includes/plugin.php(551): WP_Hook->do_action(Array)
#2 /Users/laurentbinder/Sites/www/2021_06_test_WP/wp-content/plugins/woocommerce/packages/action-scheduler/classes/actions/ActionScheduler_Action.php(22): do_action_ref_array('wpforms_admin_n...', Array)
#3 /Users/laurentbinder/Sites/www/2021_06_test_WP/wp-content/plugins/woocommerce/packages/action-scheduler/classes/abstracts/ActionScheduler_Abstract_QueueRunner.php(65): ActionScheduler_Action->execute()
#4 /Users/laurentbinder/Sites/www/2021_06_test_WP/wp-content/plugins/woocommerce/packages/action-scheduler/classes/ActionScheduler_QueueRunner.php(162): ActionScheduler_Abstract_QueueRunner->process_action(857, 'Async Request')
#5 /Users/laurentbinder/Sites/www/2021_06_test_WP/wp-content/plugins/woocommerce/packages/action-scheduler/classes/ActionScheduler_QueueRunner.php(132): ActionScheduler_QueueRunner->do_batch(25, 'Async Request')
#6 /Users/laurentbinder/Sites/www/2021_06_test_WP/wp-includes/class-wp-hook.php(292): ActionScheduler_QueueRunner->run('Async Request')
#7 /Users/laurentbinder/Sites/www/2021_06_test_WP/wp-includes/class-wp-hook.php(316): WP_Hook->apply_filters('', Array)
#8 /Users/laurentbinder/Sites/www/2021_06_test_WP/wp-includes/plugin.php(484): WP_Hook->do_action(Array)
#9 /Users/laurentbinder/Sites/www/2021_06_test_WP/wp-content/plugins/woocommerce/packages/action-scheduler/classes/ActionScheduler_AsyncRequest_QueueRunner.php(52): do_action('action_schedule...', 'Async Request')
#10 /Users/laurentbinder/Sites/www/2021_06_test_WP/wp-content/plugins/woocommerce/includes/libraries/wp-async-request.php(147): ActionScheduler_AsyncRequest_QueueRunner->handle()
#11 /Users/laurentbinder/Sites/www/2021_06_test_WP/wp-includes/class-wp-hook.php(292): WP_Async_Request->maybe_handle('')
#12 /Users/laurentbinder/Sites/www/2021_06_test_WP/wp-includes/class-wp-hook.php(316): WP_Hook->apply_filters('', Array)
#13 /Users/laurentbinder/Sites/www/2021_06_test_WP/wp-includes/plugin.php(484): WP_Hook->do_action(Array)
#14 /Users/laurentbinder/Sites/www/2021_06_test_WP/wp-admin/admin-ajax.php(187): do_action('wp_ajax_as_asyn...')
#15 {main}
  thrown dans /Users/laurentbinder/Sites/www/2021_06_test_WP/wp-includes/class-wp-hook.php à la ligne 292

2021-07-01T10:59:12+00:00 CRITICAL Uncaught Error: Unknown named parameter $tasks_meta_id in /Users/laurentbinder/Sites/www/2021_06_test_WP/wp-includes/class-wp-hook.php:292
Stack trace:
#0 /Users/laurentbinder/Sites/www/2021_06_test_WP/wp-includes/class-wp-hook.php(316): WP_Hook->apply_filters('', Array)
#1 /Users/laurentbinder/Sites/www/2021_06_test_WP/wp-includes/plugin.php(551): WP_Hook->do_action(Array)
#2 /Users/laurentbinder/Sites/www/2021_06_test_WP/wp-content/plugins/woocommerce/packages/action-scheduler/classes/actions/ActionScheduler_Action.php(22): do_action_ref_array('wpforms_admin_n...', Array)
#3 /Users/laurentbinder/Sites/www/2021_06_test_WP/wp-content/plugins/woocommerce/packages/action-scheduler/classes/abstracts/ActionScheduler_Abstract_QueueRunner.php(65): ActionScheduler_Action->execute()
#4 /Users/laurentbinder/Sites/www/2021_06_test_WP/wp-content/plugins/woocommerce/packages/action-scheduler/classes/ActionScheduler_QueueRunner.php(162): ActionScheduler_Abstract_QueueRunner->process_action(858, 'WP Cron')
#5 /Users/laurentbinder/Sites/www/2021_06_test_WP/wp-content/plugins/woocommerce/packages/action-scheduler/classes/ActionScheduler_QueueRunner.php(132): ActionScheduler_QueueRunner->do_batch(25, 'WP Cron')
#6 /Users/laurentbinder/Sites/www/2021_06_test_WP/wp-includes/class-wp-hook.php(292): ActionScheduler_QueueRunner->run('WP Cron')
#7 /Users/laurentbinder/Sites/www/2021_06_test_WP/wp-includes/class-wp-hook.php(316): WP_Hook->apply_filters('', Array)
#8 /Users/laurentbinder/Sites/www/2021_06_test_WP/wp-includes/plugin.php(551): WP_Hook->do_action(Array)
#9 /Users/laurentbinder/Sites/www/2021_06_test_WP/wp-cron.php(138): do_action_ref_array('action_schedule...', Array)
#10 {main}
  thrown dans /Users/laurentbinder/Sites/www/2021_06_test_WP/wp-includes/class-wp-hook.php à la ligne 292

2021-07-01T11:34:07+00:00 CRITICAL Uncaught Error: Unknown named parameter $tasks_meta_id in /Users/laurentbinder/Sites/www/2021_06_test_WP/wp-includes/class-wp-hook.php:292
Stack trace:
#0 /Users/laurentbinder/Sites/www/2021_06_test_WP/wp-includes/class-wp-hook.php(316): WP_Hook->apply_filters('', Array)
#1 /Users/laurentbinder/Sites/www/2021_06_test_WP/wp-includes/plugin.php(551): WP_Hook->do_action(Array)
#2 /Users/laurentbinder/Sites/www/2021_06_test_WP/wp-content/plugins/woocommerce/packages/action-scheduler/classes/actions/ActionScheduler_Action.php(22): do_action_ref_array('wpforms_admin_n...', Array)
#3 /Users/laurentbinder/Sites/www/2021_06_test_WP/wp-content/plugins/woocommerce/packages/action-scheduler/classes/abstracts/ActionScheduler_Abstract_QueueRunner.php(65): ActionScheduler_Action->execute()
#4 /Users/laurentbinder/Sites/www/2021_06_test_WP/wp-content/plugins/woocommerce/packages/action-scheduler/classes/ActionScheduler_QueueRunner.php(162): ActionScheduler_Abstract_QueueRunner->process_action(860, 'WP Cron')
#5 /Users/laurentbinder/Sites/www/2021_06_test_WP/wp-content/plugins/woocommerce/packages/action-scheduler/classes/ActionScheduler_QueueRunner.php(132): ActionScheduler_QueueRunner->do_batch(25, 'WP Cron')
#6 /Users/laurentbinder/Sites/www/2021_06_test_WP/wp-includes/class-wp-hook.php(292): ActionScheduler_QueueRunner->run('WP Cron')
#7 /Users/laurentbinder/Sites/www/2021_06_test_WP/wp-includes/class-wp-hook.php(316): WP_Hook->apply_filters('', Array)
#8 /Users/laurentbinder/Sites/www/2021_06_test_WP/wp-includes/plugin.php(551): WP_Hook->do_action(Array)
#9 /Users/laurentbinder/Sites/www/2021_06_test_WP/wp-cron.php(138): do_action_ref_array('action_schedule...', Array)
#10 {main}
  thrown dans /Users/laurentbinder/Sites/www/2021_06_test_WP/wp-includes/class-wp-hook.php à la ligne 292

2021-07-01T13:48:05+00:00 CRITICAL Uncaught Error: Unknown named parameter $tasks_meta_id in /Users/laurentbinder/Sites/www/2021_06_test_WP/wp-includes/class-wp-hook.php:292
Stack trace:
#0 /Users/laurentbinder/Sites/www/2021_06_test_WP/wp-includes/class-wp-hook.php(316): WP_Hook->apply_filters('', Array)
#1 /Users/laurentbinder/Sites/www/2021_06_test_WP/wp-includes/plugin.php(551): WP_Hook->do_action(Array)
#2 /Users/laurentbinder/Sites/www/2021_06_test_WP/wp-content/plugins/woocommerce/packages/action-scheduler/classes/actions/ActionScheduler_Action.php(22): do_action_ref_array('wpforms_admin_n...', Array)
#3 /Users/laurentbinder/Sites/www/2021_06_test_WP/wp-content/plugins/woocommerce/packages/action-scheduler/classes/abstracts/ActionScheduler_Abstract_QueueRunner.php(65): ActionScheduler_Action->execute()
#4 /Users/laurentbinder/Sites/www/2021_06_test_WP/wp-content/plugins/woocommerce/packages/action-scheduler/classes/ActionScheduler_QueueRunner.php(162): ActionScheduler_Abstract_QueueRunner->process_action(862, 'Async Request')
#5 /Users/laurentbinder/Sites/www/2021_06_test_WP/wp-content/plugins/woocommerce/packages/action-scheduler/classes/ActionScheduler_QueueRunner.php(132): ActionScheduler_QueueRunner->do_batch(25, 'Async Request')
#6 /Users/laurentbinder/Sites/www/2021_06_test_WP/wp-includes/class-wp-hook.php(292): ActionScheduler_QueueRunner->run('Async Request')
#7 /Users/laurentbinder/Sites/www/2021_06_test_WP/wp-includes/class-wp-hook.php(316): WP_Hook->apply_filters('', Array)
#8 /Users/laurentbinder/Sites/www/2021_06_test_WP/wp-includes/plugin.php(484): WP_Hook->do_action(Array)
#9 /Users/laurentbinder/Sites/www/2021_06_test_WP/wp-content/plugins/woocommerce/packages/action-scheduler/classes/ActionScheduler_AsyncRequest_QueueRunner.php(52): do_action('action_schedule...', 'Async Request')
#10 /Users/laurentbinder/Sites/www/2021_06_test_WP/wp-content/plugins/woocommerce/includes/libraries/wp-async-request.php(147): ActionScheduler_AsyncRequest_QueueRunner->handle()
#11 /Users/laurentbinder/Sites/www/2021_06_test_WP/wp-includes/class-wp-hook.php(292): WP_Async_Request->maybe_handle('')
#12 /Users/laurentbinder/Sites/www/2021_06_test_WP/wp-includes/class-wp-hook.php(316): WP_Hook->apply_filters('', Array)
#13 /Users/laurentbinder/Sites/www/2021_06_test_WP/wp-includes/plugin.php(484): WP_Hook->do_action(Array)
#14 /Users/laurentbinder/Sites/www/2021_06_test_WP/wp-admin/admin-ajax.php(187): do_action('wp_ajax_as_asyn...')
#15 {main}
  thrown dans /Users/laurentbinder/Sites/www/2021_06_test_WP/wp-includes/class-wp-hook.php à la ligne 292

2021-07-01T13:49:47+00:00 CRITICAL Uncaught Error: Unknown named parameter $tasks_meta_id in /Users/laurentbinder/Sites/www/2021_06_test_WP/wp-includes/class-wp-hook.php:292
Stack trace:
#0 /Users/laurentbinder/Sites/www/2021_06_test_WP/wp-includes/class-wp-hook.php(316): WP_Hook->apply_filters('', Array)
#1 /Users/laurentbinder/Sites/www/2021_06_test_WP/wp-includes/plugin.php(551): WP_Hook->do_action(Array)
#2 /Users/laurentbinder/Sites/www/2021_06_test_WP/wp-content/plugins/woocommerce/packages/action-scheduler/classes/actions/ActionScheduler_Action.php(22): do_action_ref_array('wpforms_admin_n...', Array)
#3 /Users/laurentbinder/Sites/www/2021_06_test_WP/wp-content/plugins/woocommerce/packages/action-scheduler/classes/abstracts/ActionScheduler_Abstract_QueueRunner.php(65): ActionScheduler_Action->execute()
#4 /Users/laurentbinder/Sites/www/2021_06_test_WP/wp-content/plugins/woocommerce/packages/action-scheduler/classes/ActionScheduler_QueueRunner.php(162): ActionScheduler_Abstract_QueueRunner->process_action(863, 'WP Cron')
#5 /Users/laurentbinder/Sites/www/2021_06_test_WP/wp-content/plugins/woocommerce/packages/action-scheduler/classes/ActionScheduler_QueueRunner.php(132): ActionScheduler_QueueRunner->do_batch(25, 'WP Cron')
#6 /Users/laurentbinder/Sites/www/2021_06_test_WP/wp-includes/class-wp-hook.php(292): ActionScheduler_QueueRunner->run('WP Cron')
#7 /Users/laurentbinder/Sites/www/2021_06_test_WP/wp-includes/class-wp-hook.php(316): WP_Hook->apply_filters('', Array)
#8 /Users/laurentbinder/Sites/www/2021_06_test_WP/wp-includes/plugin.php(551): WP_Hook->do_action(Array)
#9 /Users/laurentbinder/Sites/www/2021_06_test_WP/wp-cron.php(138): do_action_ref_array('action_schedule...', Array)
#10 {main}
  thrown dans /Users/laurentbinder/Sites/www/2021_06_test_WP/wp-includes/class-wp-hook.php à la ligne 292

2021-07-01T13:49:49+00:00 CRITICAL Uncaught Error: Unknown named parameter $tasks_meta_id in /Users/laurentbinder/Sites/www/2021_06_test_WP/wp-includes/class-wp-hook.php:292
Stack trace:
#0 /Users/laurentbinder/Sites/www/2021_06_test_WP/wp-includes/class-wp-hook.php(316): WP_Hook->apply_filters('', Array)
#1 /Users/laurentbinder/Sites/www/2021_06_test_WP/wp-includes/plugin.php(551): WP_Hook->do_action(Array)
#2 /Users/laurentbinder/Sites/www/2021_06_test_WP/wp-content/plugins/woocommerce/packages/action-scheduler/classes/actions/ActionScheduler_Action.php(22): do_action_ref_array('wpforms_admin_n...', Array)
#3 /Users/laurentbinder/Sites/www/2021_06_test_WP/wp-content/plugins/woocommerce/packages/action-scheduler/classes/abstracts/ActionScheduler_Abstract_QueueRunner.php(65): ActionScheduler_Action->execute()
#4 /Users/laurentbinder/Sites/www/2021_06_test_WP/wp-content/plugins/woocommerce/packages/action-scheduler/classes/ActionScheduler_QueueRunner.php(162): ActionScheduler_Abstract_QueueRunner->process_action(864, 'Async Request')
#5 /Users/laurentbinder/Sites/www/2021_06_test_WP/wp-content/plugins/woocommerce/packages/action-scheduler/classes/ActionScheduler_QueueRunner.php(132): ActionScheduler_QueueRunner->do_batch(25, 'Async Request')
#6 /Users/laurentbinder/Sites/www/2021_06_test_WP/wp-includes/class-wp-hook.php(292): ActionScheduler_QueueRunner->run('Async Request')
#7 /Users/laurentbinder/Sites/www/2021_06_test_WP/wp-includes/class-wp-hook.php(316): WP_Hook->apply_filters('', Array)
#8 /Users/laurentbinder/Sites/www/2021_06_test_WP/wp-includes/plugin.php(484): WP_Hook->do_action(Array)
#9 /Users/laurentbinder/Sites/www/2021_06_test_WP/wp-content/plugins/woocommerce/packages/action-scheduler/classes/ActionScheduler_AsyncRequest_QueueRunner.php(52): do_action('action_schedule...', 'Async Request')
#10 /Users/laurentbinder/Sites/www/2021_06_test_WP/wp-content/plugins/woocommerce/includes/libraries/wp-async-request.php(147): ActionScheduler_AsyncRequest_QueueRunner->handle()
#11 /Users/laurentbinder/Sites/www/2021_06_test_WP/wp-includes/class-wp-hook.php(292): WP_Async_Request->maybe_handle('')
#12 /Users/laurentbinder/Sites/www/2021_06_test_WP/wp-includes/class-wp-hook.php(316): WP_Hook->apply_filters('', Array)
#13 /Users/laurentbinder/Sites/www/2021_06_test_WP/wp-includes/plugin.php(484): WP_Hook->do_action(Array)
#14 /Users/laurentbinder/Sites/www/2021_06_test_WP/wp-admin/admin-ajax.php(187): do_action('wp_ajax_as_asyn...')
#15 {main}
  thrown dans /Users/laurentbinder/Sites/www/2021_06_test_WP/wp-includes/class-wp-hook.php à la ligne 292

2021-07-01T13:50:59+00:00 CRITICAL Uncaught Error: Unknown named parameter $tasks_meta_id in /Users/laurentbinder/Sites/www/2021_06_test_WP/wp-includes/class-wp-hook.php:292
Stack trace:
#0 /Users/laurentbinder/Sites/www/2021_06_test_WP/wp-includes/class-wp-hook.php(316): WP_Hook->apply_filters('', Array)
#1 /Users/laurentbinder/Sites/www/2021_06_test_WP/wp-includes/plugin.php(551): WP_Hook->do_action(Array)
#2 /Users/laurentbinder/Sites/www/2021_06_test_WP/wp-content/plugins/woocommerce/packages/action-scheduler/classes/actions/ActionScheduler_Action.php(22): do_action_ref_array('wpforms_admin_n...', Array)
#3 /Users/laurentbinder/Sites/www/2021_06_test_WP/wp-content/plugins/woocommerce/packages/action-scheduler/classes/abstracts/ActionScheduler_Abstract_QueueRunner.php(65): ActionScheduler_Action->execute()
#4 /Users/laurentbinder/Sites/www/2021_06_test_WP/wp-content/plugins/woocommerce/packages/action-scheduler/classes/ActionScheduler_QueueRunner.php(162): ActionScheduler_Abstract_QueueRunner->process_action(865, 'WP Cron')
#5 /Users/laurentbinder/Sites/www/2021_06_test_WP/wp-content/plugins/woocommerce/packages/action-scheduler/classes/ActionScheduler_QueueRunner.php(132): ActionScheduler_QueueRunner->do_batch(25, 'WP Cron')
#6 /Users/laurentbinder/Sites/www/2021_06_test_WP/wp-includes/class-wp-hook.php(292): ActionScheduler_QueueRunner->run('WP Cron')
#7 /Users/laurentbinder/Sites/www/2021_06_test_WP/wp-includes/class-wp-hook.php(316): WP_Hook->apply_filters('', Array)
#8 /Users/laurentbinder/Sites/www/2021_06_test_WP/wp-includes/plugin.php(551): WP_Hook->do_action(Array)
#9 /Users/laurentbinder/Sites/www/2021_06_test_WP/wp-cron.php(138): do_action_ref_array('action_schedule...', Array)
#10 {main}
  thrown dans /Users/laurentbinder/Sites/www/2021_06_test_WP/wp-includes/class-wp-hook.php à la ligne 292

2021-07-01T13:52:10+00:00 CRITICAL Uncaught Error: Unknown named parameter $tasks_meta_id in /Users/laurentbinder/Sites/www/2021_06_test_WP/wp-includes/class-wp-hook.php:292
Stack trace:
#0 /Users/laurentbinder/Sites/www/2021_06_test_WP/wp-includes/class-wp-hook.php(316): WP_Hook->apply_filters('', Array)
#1 /Users/laurentbinder/Sites/www/2021_06_test_WP/wp-includes/plugin.php(551): WP_Hook->do_action(Array)
#2 /Users/laurentbinder/Sites/www/2021_06_test_WP/wp-content/plugins/woocommerce/packages/action-scheduler/classes/actions/ActionScheduler_Action.php(22): do_action_ref_array('wpforms_admin_n...', Array)
#3 /Users/laurentbinder/Sites/www/2021_06_test_WP/wp-content/plugins/woocommerce/packages/action-scheduler/classes/abstracts/ActionScheduler_Abstract_QueueRunner.php(65): ActionScheduler_Action->execute()
#4 /Users/laurentbinder/Sites/www/2021_06_test_WP/wp-content/plugins/woocommerce/packages/action-scheduler/classes/ActionScheduler_QueueRunner.php(162): ActionScheduler_Abstract_QueueRunner->process_action(866, 'WP Cron')
#5 /Users/laurentbinder/Sites/www/2021_06_test_WP/wp-content/plugins/woocommerce/packages/action-scheduler/classes/ActionScheduler_QueueRunner.php(132): ActionScheduler_QueueRunner->do_batch(25, 'WP Cron')
#6 /Users/laurentbinder/Sites/www/2021_06_test_WP/wp-includes/class-wp-hook.php(292): ActionScheduler_QueueRunner->run('WP Cron')
#7 /Users/laurentbinder/Sites/www/2021_06_test_WP/wp-includes/class-wp-hook.php(316): WP_Hook->apply_filters('', Array)
#8 /Users/laurentbinder/Sites/www/2021_06_test_WP/wp-includes/plugin.php(551): WP_Hook->do_action(Array)
#9 /Users/laurentbinder/Sites/www/2021_06_test_WP/wp-cron.php(138): do_action_ref_array('action_schedule...', Array)
#10 {main}
  thrown dans /Users/laurentbinder/Sites/www/2021_06_test_WP/wp-includes/class-wp-hook.php à la ligne 292

2021-07-01T13:52:11+00:00 CRITICAL Uncaught Error: Unknown named parameter $tasks_meta_id in /Users/laurentbinder/Sites/www/2021_06_test_WP/wp-includes/class-wp-hook.php:292
Stack trace:
#0 /Users/laurentbinder/Sites/www/2021_06_test_WP/wp-includes/class-wp-hook.php(316): WP_Hook->apply_filters('', Array)
#1 /Users/laurentbinder/Sites/www/2021_06_test_WP/wp-includes/plugin.php(551): WP_Hook->do_action(Array)
#2 /Users/laurentbinder/Sites/www/2021_06_test_WP/wp-content/plugins/woocommerce/packages/action-scheduler/classes/actions/ActionScheduler_Action.php(22): do_action_ref_array('wpforms_admin_n...', Array)
#3 /Users/laurentbinder/Sites/www/2021_06_test_WP/wp-content/plugins/woocommerce/packages/action-scheduler/classes/abstracts/ActionScheduler_Abstract_QueueRunner.php(65): ActionScheduler_Action->execute()
#4 /Users/laurentbinder/Sites/www/2021_06_test_WP/wp-content/plugins/woocommerce/packages/action-scheduler/classes/ActionScheduler_QueueRunner.php(162): ActionScheduler_Abstract_QueueRunner->process_action(867, 'Async Request')
#5 /Users/laurentbinder/Sites/www/2021_06_test_WP/wp-content/plugins/woocommerce/packages/action-scheduler/classes/ActionScheduler_QueueRunner.php(132): ActionScheduler_QueueRunner->do_batch(25, 'Async Request')
#6 /Users/laurentbinder/Sites/www/2021_06_test_WP/wp-includes/class-wp-hook.php(292): ActionScheduler_QueueRunner->run('Async Request')
#7 /Users/laurentbinder/Sites/www/2021_06_test_WP/wp-includes/class-wp-hook.php(316): WP_Hook->apply_filters('', Array)
#8 /Users/laurentbinder/Sites/www/2021_06_test_WP/wp-includes/plugin.php(484): WP_Hook->do_action(Array)
#9 /Users/laurentbinder/Sites/www/2021_06_test_WP/wp-content/plugins/woocommerce/packages/action-scheduler/classes/ActionScheduler_AsyncRequest_QueueRunner.php(52): do_action('action_schedule...', 'Async Request')
#10 /Users/laurentbinder/Sites/www/2021_06_test_WP/wp-content/plugins/woocommerce/includes/libraries/wp-async-request.php(147): ActionScheduler_AsyncRequest_QueueRunner->handle()
#11 /Users/laurentbinder/Sites/www/2021_06_test_WP/wp-includes/class-wp-hook.php(292): WP_Async_Request->maybe_handle('')
#12 /Users/laurentbinder/Sites/www/2021_06_test_WP/wp-includes/class-wp-hook.php(316): WP_Hook->apply_filters('', Array)
#13 /Users/laurentbinder/Sites/www/2021_06_test_WP/wp-includes/plugin.php(484): WP_Hook->do_action(Array)
#14 /Users/laurentbinder/Sites/www/2021_06_test_WP/wp-admin/admin-ajax.php(187): do_action('wp_ajax_as_asyn...')
#15 {main}
  thrown dans /Users/laurentbinder/Sites/www/2021_06_test_WP/wp-includes/class-wp-hook.php à la ligne 292

2021-07-01T13:53:50+00:00 CRITICAL Uncaught Error: Unknown named parameter $tasks_meta_id in /Users/laurentbinder/Sites/www/2021_06_test_WP/wp-includes/class-wp-hook.php:292
Stack trace:
#0 /Users/laurentbinder/Sites/www/2021_06_test_WP/wp-includes/class-wp-hook.php(316): WP_Hook->apply_filters('', Array)
#1 /Users/laurentbinder/Sites/www/2021_06_test_WP/wp-includes/plugin.php(551): WP_Hook->do_action(Array)
#2 /Users/laurentbinder/Sites/www/2021_06_test_WP/wp-content/plugins/woocommerce/packages/action-scheduler/classes/actions/ActionScheduler_Action.php(22): do_action_ref_array('wpforms_admin_n...', Array)
#3 /Users/laurentbinder/Sites/www/2021_06_test_WP/wp-content/plugins/woocommerce/packages/action-scheduler/classes/abstracts/ActionScheduler_Abstract_QueueRunner.php(65): ActionScheduler_Action->execute()
#4 /Users/laurentbinder/Sites/www/2021_06_test_WP/wp-content/plugins/woocommerce/packages/action-scheduler/classes/ActionScheduler_QueueRunner.php(162): ActionScheduler_Abstract_QueueRunner->process_action(868, 'WP Cron')
#5 /Users/laurentbinder/Sites/www/2021_06_test_WP/wp-content/plugins/woocommerce/packages/action-scheduler/classes/ActionScheduler_QueueRunner.php(132): ActionScheduler_QueueRunner->do_batch(25, 'WP Cron')
#6 /Users/laurentbinder/Sites/www/2021_06_test_WP/wp-includes/class-wp-hook.php(292): ActionScheduler_QueueRunner->run('WP Cron')
#7 /Users/laurentbinder/Sites/www/2021_06_test_WP/wp-includes/class-wp-hook.php(316): WP_Hook->apply_filters('', Array)
#8 /Users/laurentbinder/Sites/www/2021_06_test_WP/wp-includes/plugin.php(551): WP_Hook->do_action(Array)
#9 /Users/laurentbinder/Sites/www/2021_06_test_WP/wp-cron.php(138): do_action_ref_array('action_schedule...', Array)
#10 {main}
  thrown dans /Users/laurentbinder/Sites/www/2021_06_test_WP/wp-includes/class-wp-hook.php à la ligne 292

2021-07-01T13:55:26+00:00 CRITICAL Uncaught Error: Unknown named parameter $tasks_meta_id in /Users/laurentbinder/Sites/www/2021_06_test_WP/wp-includes/class-wp-hook.php:292
Stack trace:
#0 /Users/laurentbinder/Sites/www/2021_06_test_WP/wp-includes/class-wp-hook.php(316): WP_Hook->apply_filters('', Array)
#1 /Users/laurentbinder/Sites/www/2021_06_test_WP/wp-includes/plugin.php(551): WP_Hook->do_action(Array)
#2 /Users/laurentbinder/Sites/www/2021_06_test_WP/wp-content/plugins/woocommerce/packages/action-scheduler/classes/actions/ActionScheduler_Action.php(22): do_action_ref_array('wpforms_admin_n...', Array)
#3 /Users/laurentbinder/Sites/www/2021_06_test_WP/wp-content/plugins/woocommerce/packages/action-scheduler/classes/abstracts/ActionScheduler_Abstract_QueueRunner.php(65): ActionScheduler_Action->execute()
#4 /Users/laurentbinder/Sites/www/2021_06_test_WP/wp-content/plugins/woocommerce/packages/action-scheduler/classes/ActionScheduler_QueueRunner.php(162): ActionScheduler_Abstract_QueueRunner->process_action(869, 'WP Cron')
#5 /Users/laurentbinder/Sites/www/2021_06_test_WP/wp-content/plugins/woocommerce/packages/action-scheduler/classes/ActionScheduler_QueueRunner.php(132): ActionScheduler_QueueRunner->do_batch(25, 'WP Cron')
#6 /Users/laurentbinder/Sites/www/2021_06_test_WP/wp-includes/class-wp-hook.php(292): ActionScheduler_QueueRunner->run('WP Cron')
#7 /Users/laurentbinder/Sites/www/2021_06_test_WP/wp-includes/class-wp-hook.php(316): WP_Hook->apply_filters('', Array)
#8 /Users/laurentbinder/Sites/www/2021_06_test_WP/wp-includes/plugin.php(551): WP_Hook->do_action(Array)
#9 /Users/laurentbinder/Sites/www/2021_06_test_WP/wp-cron.php(138): do_action_ref_array('action_schedule...', Array)
#10 {main}
  thrown dans /Users/laurentbinder/Sites/www/2021_06_test_WP/wp-includes/class-wp-hook.php à la ligne 292

2021-07-01T14:10:38+00:00 CRITICAL Uncaught Error: Unknown named parameter $tasks_meta_id in /Users/laurentbinder/Sites/www/2021_06_test_WP/wp-includes/class-wp-hook.php:292
Stack trace:
#0 /Users/laurentbinder/Sites/www/2021_06_test_WP/wp-includes/class-wp-hook.php(316): WP_Hook->apply_filters('', Array)
#1 /Users/laurentbinder/Sites/www/2021_06_test_WP/wp-includes/plugin.php(551): WP_Hook->do_action(Array)
#2 /Users/laurentbinder/Sites/www/2021_06_test_WP/wp-content/plugins/woocommerce/packages/action-scheduler/classes/actions/ActionScheduler_Action.php(22): do_action_ref_array('wpforms_admin_n...', Array)
#3 /Users/laurentbinder/Sites/www/2021_06_test_WP/wp-content/plugins/woocommerce/packages/action-scheduler/classes/abstracts/ActionScheduler_Abstract_QueueRunner.php(65): ActionScheduler_Action->execute()
#4 /Users/laurentbinder/Sites/www/2021_06_test_WP/wp-content/plugins/woocommerce/packages/action-scheduler/classes/ActionScheduler_QueueRunner.php(162): ActionScheduler_Abstract_QueueRunner->process_action(871, 'WP Cron')
#5 /Users/laurentbinder/Sites/www/2021_06_test_WP/wp-content/plugins/woocommerce/packages/action-scheduler/classes/ActionScheduler_QueueRunner.php(132): ActionScheduler_QueueRunner->do_batch(25, 'WP Cron')
#6 /Users/laurentbinder/Sites/www/2021_06_test_WP/wp-includes/class-wp-hook.php(292): ActionScheduler_QueueRunner->run('WP Cron')
#7 /Users/laurentbinder/Sites/www/2021_06_test_WP/wp-includes/class-wp-hook.php(316): WP_Hook->apply_filters('', Array)
#8 /Users/laurentbinder/Sites/www/2021_06_test_WP/wp-includes/plugin.php(551): WP_Hook->do_action(Array)
#9 /Users/laurentbinder/Sites/www/2021_06_test_WP/wp-cron.php(138): do_action_ref_array('action_schedule...', Array)
#10 {main}
  thrown dans /Users/laurentbinder/Sites/www/2021_06_test_WP/wp-includes/class-wp-hook.php à la ligne 292

2021-07-01T14:11:50+00:00 CRITICAL Uncaught Error: Unknown named parameter $tasks_meta_id in /Users/laurentbinder/Sites/www/2021_06_test_WP/wp-includes/class-wp-hook.php:292
Stack trace:
#0 /Users/laurentbinder/Sites/www/2021_06_test_WP/wp-includes/class-wp-hook.php(316): WP_Hook->apply_filters('', Array)
#1 /Users/laurentbinder/Sites/www/2021_06_test_WP/wp-includes/plugin.php(551): WP_Hook->do_action(Array)
#2 /Users/laurentbinder/Sites/www/2021_06_test_WP/wp-content/plugins/woocommerce/packages/action-scheduler/classes/actions/ActionScheduler_Action.php(22): do_action_ref_array('wpforms_admin_n...', Array)
#3 /Users/laurentbinder/Sites/www/2021_06_test_WP/wp-content/plugins/woocommerce/packages/action-scheduler/classes/abstracts/ActionScheduler_Abstract_QueueRunner.php(65): ActionScheduler_Action->execute()
#4 /Users/laurentbinder/Sites/www/2021_06_test_WP/wp-content/plugins/woocommerce/packages/action-scheduler/classes/ActionScheduler_QueueRunner.php(162): ActionScheduler_Abstract_QueueRunner->process_action(872, 'WP Cron')
#5 /Users/laurentbinder/Sites/www/2021_06_test_WP/wp-content/plugins/woocommerce/packages/action-scheduler/classes/ActionScheduler_QueueRunner.php(132): ActionScheduler_QueueRunner->do_batch(25, 'WP Cron')
#6 /Users/laurentbinder/Sites/www/2021_06_test_WP/wp-includes/class-wp-hook.php(292): ActionScheduler_QueueRunner->run('WP Cron')
#7 /Users/laurentbinder/Sites/www/2021_06_test_WP/wp-includes/class-wp-hook.php(316): WP_Hook->apply_filters('', Array)
#8 /Users/laurentbinder/Sites/www/2021_06_test_WP/wp-includes/plugin.php(551): WP_Hook->do_action(Array)
#9 /Users/laurentbinder/Sites/www/2021_06_test_WP/wp-cron.php(138): do_action_ref_array('action_schedule...', Array)
#10 {main}
  thrown dans /Users/laurentbinder/Sites/www/2021_06_test_WP/wp-includes/class-wp-hook.php à la ligne 292

